[ 2017-03-31T09:28:31+08:00 ] ::1 /appoint/src/index.php?g=Admin&m=public&a=dologin
INFO: [ app_begin ] --START--
INFO: Run Behavior\ReadHtmlCacheBehavior [ RunTime:0.001001s ]
INFO: Run Behavior\CheckLangBehavior [ RunTime:0.001000s ]
INFO: Run Common\Behavior\UrldecodeGetBehavior [ RunTime:0.001000s ]
INFO: [ app_begin ] --END-- [ RunTime:0.003001s ]
INFO: [ admin_begin ] --START--
INFO: Run Common\Behavior\AdminDefaultLangBehavior [ RunTime:0.001000s ]
INFO: [ admin_begin ] --END-- [ RunTime:0.001000s ]
SQL: SHOW COLUMNS FROM `hos_users` [ RunTime:0.0468s ]
SQL: SELECT * FROM `hos_users` WHERE `user_login` = 'admin' LIMIT 1   [ RunTime:0.0000s ]
SQL: SHOW COLUMNS FROM `hos_role_user` [ RunTime:0.0468s ]
SQL: SELECT `role_id` FROM hos_role_user a INNER JOIN hos_role as b on a.role_id =b.id  WHERE `user_id` = '1' AND `status` = 1  [ RunTime:0.2808s ]
SQL: UPDATE `hos_users` SET `user_login`='admin',`user_pass`='###453b1775c0fa45288ea80f307b5e778e',`user_nicename`='admin',`user_email`='1027329762@qq.com',`user_url`='',`avatar`=NULL,`sex`='0',`birthday`='2000-01-01',`signature`='',`last_login_ip`='0.0.0.0',`last_login_time`='2017-03-31 09:28:31',`create_time`='2017-03-13 11:02:11',`user_activation_key`='',`user_status`='1',`score`='0',`user_type`='1',`coin`='0',`mobile`='' WHERE `id` = '1' [ RunTime:0.0000s ]

[ 2017-03-31T09:35:30+08:00 ] ::1 /appoint/src/index.php?g=Admin&m=user&a=ban&id=2
INFO: [ app_begin ] --START--
INFO: Run Behavior\ReadHtmlCacheBehavior [ RunTime:0.001000s ]
INFO: Run Behavior\CheckLangBehavior [ RunTime:0.002000s ]
INFO: Run Common\Behavior\UrldecodeGetBehavior [ RunTime:0.000000s ]
INFO: [ app_begin ] --END-- [ RunTime:0.003000s ]
INFO: [ admin_begin ] --START--
INFO: Run Common\Behavior\AdminDefaultLangBehavior [ RunTime:0.002000s ]
INFO: [ admin_begin ] --END-- [ RunTime:0.002000s ]
SQL: SHOW COLUMNS FROM `hos_users` [ RunTime:0.0120s ]
SQL: SELECT * FROM `hos_users` WHERE `id` = '1' LIMIT 1   [ RunTime:0.0010s ]
SQL: SHOW COLUMNS FROM `hos_users` [ RunTime:0.0120s ]
SQL: SHOW COLUMNS FROM `hos_role` [ RunTime:0.0110s ]
SQL: UPDATE `hos_users` SET `user_status`='0' WHERE `id` = 2 AND `user_type` = 1 [ RunTime:0.0000s ]

[ 2017-03-31T09:35:44+08:00 ] ::1 /appoint/src/index.php?g=Admin&m=user&a=cancelban&id=2
INFO: [ app_begin ] --START--
INFO: Run Behavior\ReadHtmlCacheBehavior [ RunTime:0.000000s ]
INFO: Run Behavior\CheckLangBehavior [ RunTime:0.002000s ]
INFO: Run Common\Behavior\UrldecodeGetBehavior [ RunTime:0.000000s ]
INFO: [ app_begin ] --END-- [ RunTime:0.003000s ]
INFO: [ admin_begin ] --START--
INFO: Run Common\Behavior\AdminDefaultLangBehavior [ RunTime:0.001000s ]
INFO: [ admin_begin ] --END-- [ RunTime:0.001000s ]
SQL: SHOW COLUMNS FROM `hos_users` [ RunTime:0.0120s ]
SQL: SELECT * FROM `hos_users` WHERE `id` = '1' LIMIT 1   [ RunTime:0.0010s ]
SQL: SHOW COLUMNS FROM `hos_users` [ RunTime:0.0120s ]
SQL: SHOW COLUMNS FROM `hos_role` [ RunTime:0.0120s ]
SQL: UPDATE `hos_users` SET `user_status`='1' WHERE `id` = 2 AND `user_type` = 1 [ RunTime:0.0000s ]

[ 2017-03-31T09:35:50+08:00 ] ::1 /appoint/src/index.php?g=Admin&m=user&a=delete&id=2
INFO: [ app_begin ] --START--
INFO: Run Behavior\ReadHtmlCacheBehavior [ RunTime:0.001000s ]
INFO: Run Behavior\CheckLangBehavior [ RunTime:0.002000s ]
INFO: Run Common\Behavior\UrldecodeGetBehavior [ RunTime:0.000000s ]
INFO: [ app_begin ] --END-- [ RunTime:0.004000s ]
INFO: [ admin_begin ] --START--
INFO: Run Common\Behavior\AdminDefaultLangBehavior [ RunTime:0.001000s ]
INFO: [ admin_begin ] --END-- [ RunTime:0.001000s ]
SQL: SHOW COLUMNS FROM `hos_users` [ RunTime:0.0120s ]
SQL: SELECT * FROM `hos_users` WHERE `id` = '1' LIMIT 1   [ RunTime:0.0010s ]
SQL: SHOW COLUMNS FROM `hos_users` [ RunTime:0.0120s ]
SQL: SHOW COLUMNS FROM `hos_role` [ RunTime:0.0100s ]
SQL: DELETE FROM `hos_users` WHERE `id` = 2 [ RunTime:0.0320s ]
SQL: SHOW COLUMNS FROM `hos_role_user` [ RunTime:0.0110s ]
SQL: DELETE FROM `hos_role_user` WHERE `user_id` = 2 [ RunTime:0.0010s ]

[ 2017-03-31T09:37:43+08:00 ] ::1 /appoint/src/index.php?g=Admin&m=BigDept&a=index
NOTIC: D方法实例化没找到模型类Common\Model\BigDepartmentModel

[ 2017-03-31T09:38:23+08:00 ] ::1 /appoint/src/index.php?g=Admin&m=BigDept&a=index
NOTIC: D方法实例化没找到模型类Common\Model\BigDepartmentModel

[ 2017-03-31T09:38:25+08:00 ] ::1 /appoint/src/index.php?g=Admin&m=BigDept&a=add
NOTIC: D方法实例化没找到模型类Common\Model\BigDepartmentModel

[ 2017-03-31T09:38:28+08:00 ] ::1 /appoint/src/index.php?g=Admin&m=BigDept&a=index
NOTIC: D方法实例化没找到模型类Common\Model\BigDepartmentModel

[ 2017-03-31T09:38:39+08:00 ] ::1 /appoint/src/index.php?g=Admin&m=BigDept&a=index&p=2
NOTIC: D方法实例化没找到模型类Common\Model\BigDepartmentModel

[ 2017-03-31T09:39:21+08:00 ] ::1 /appoint/src/index.php?g=Admin&m=BigDept&a=index&p=1
NOTIC: D方法实例化没找到模型类Common\Model\BigDepartmentModel

[ 2017-03-31T09:39:34+08:00 ] ::1 /appoint/src/index.php?g=Admin&m=BigDept&a=index&p=2
NOTIC: D方法实例化没找到模型类Common\Model\BigDepartmentModel

[ 2017-03-31T09:39:41+08:00 ] ::1 /appoint/src/index.php?g=Admin&m=BigDept&a=edit&bdept_id=18
NOTIC: D方法实例化没找到模型类Common\Model\BigDepartmentModel

[ 2017-03-31T09:39:54+08:00 ] ::1 /appoint/src/index.php?g=Admin&m=BigDept&a=edit_post
INFO: [ app_begin ] --START--
INFO: Run Behavior\ReadHtmlCacheBehavior [ RunTime:0.000000s ]
INFO: Run Behavior\CheckLangBehavior [ RunTime:0.002000s ]
INFO: Run Common\Behavior\UrldecodeGetBehavior [ RunTime:0.000000s ]
INFO: [ app_begin ] --END-- [ RunTime:0.003000s ]
INFO: [ admin_begin ] --START--
INFO: Run Common\Behavior\AdminDefaultLangBehavior [ RunTime:0.002000s ]
INFO: [ admin_begin ] --END-- [ RunTime:0.002000s ]
SQL: SHOW COLUMNS FROM `hos_users` [ RunTime:0.0000s ]
SQL: SELECT * FROM `hos_users` WHERE `id` = '1' LIMIT 1   [ RunTime:0.0000s ]
NOTIC: D方法实例化没找到模型类Common\Model\BigDepartmentModel
SQL: SHOW COLUMNS FROM `hos_big_department` [ RunTime:0.0156s ]
SQL: SELECT COUNT(*) AS tp_count FROM `hos_big_department` WHERE `bdept_name` = '内科' AND `bdept_id` <> '18' LIMIT 1   [ RunTime:0.0156s ]
NOTIC: [8] Undefined index: validate G:\phpstudy\appoint\src\simplewind\Core\Library\Think\Model.class.php 第 1185 行.
NOTIC: [8] Undefined index: auto G:\phpstudy\appoint\src\simplewind\Core\Library\Think\Model.class.php 第 1128 行.
SQL: UPDATE `hos_big_department` SET `bdept_name`='内科',`bdept_contactor`='222',`bdept_mobile`='13222222222' WHERE `bdept_id` = 18 [ RunTime:0.0000s ]

[ 2017-03-31T09:39:55+08:00 ] ::1 /appoint/src/index.php?g=Admin&m=BigDept&a=index
NOTIC: D方法实例化没找到模型类Common\Model\BigDepartmentModel

[ 2017-03-31T09:40:05+08:00 ] ::1 /appoint/src/index.php?g=Admin&m=BigDept&a=index&p=2
NOTIC: D方法实例化没找到模型类Common\Model\BigDepartmentModel

[ 2017-03-31T09:40:09+08:00 ] ::1 /appoint/src/index.php?g=Admin&m=BigDept&a=edit&bdept_id=19
NOTIC: D方法实例化没找到模型类Common\Model\BigDepartmentModel

[ 2017-03-31T09:40:17+08:00 ] ::1 /appoint/src/index.php?g=Admin&m=BigDept&a=edit_post
INFO: [ app_begin ] --START--
INFO: Run Behavior\ReadHtmlCacheBehavior [ RunTime:0.001000s ]
INFO: Run Behavior\CheckLangBehavior [ RunTime:0.002000s ]
INFO: Run Common\Behavior\UrldecodeGetBehavior [ RunTime:0.000000s ]
INFO: [ app_begin ] --END-- [ RunTime:0.003000s ]
INFO: [ admin_begin ] --START--
INFO: Run Common\Behavior\AdminDefaultLangBehavior [ RunTime:0.001000s ]
INFO: [ admin_begin ] --END-- [ RunTime:0.002000s ]
SQL: SHOW COLUMNS FROM `hos_users` [ RunTime:0.0000s ]
SQL: SELECT * FROM `hos_users` WHERE `id` = '1' LIMIT 1   [ RunTime:0.0156s ]
NOTIC: D方法实例化没找到模型类Common\Model\BigDepartmentModel
SQL: SHOW COLUMNS FROM `hos_big_department` [ RunTime:0.0000s ]
SQL: SELECT COUNT(*) AS tp_count FROM `hos_big_department` WHERE `bdept_name` = '生殖中心' AND `bdept_id` <> '19' LIMIT 1   [ RunTime:0.0000s ]
NOTIC: [8] Undefined index: validate G:\phpstudy\appoint\src\simplewind\Core\Library\Think\Model.class.php 第 1185 行.
NOTIC: [8] Undefined index: auto G:\phpstudy\appoint\src\simplewind\Core\Library\Think\Model.class.php 第 1128 行.
SQL: UPDATE `hos_big_department` SET `bdept_name`='生殖中心',`bdept_contactor`='ww',`bdept_mobile`='13222222222' WHERE `bdept_id` = 19 [ RunTime:0.0000s ]

[ 2017-03-31T09:40:19+08:00 ] ::1 /appoint/src/index.php?g=Admin&m=BigDept&a=index
NOTIC: D方法实例化没找到模型类Common\Model\BigDepartmentModel

[ 2017-03-31T09:40:26+08:00 ] ::1 /appoint/src/index.php?g=Admin&m=BigDept&a=index&p=2
NOTIC: D方法实例化没找到模型类Common\Model\BigDepartmentModel

[ 2017-03-31T09:40:33+08:00 ] ::1 /appoint/src/index.php?g=Admin&m=BigDept&a=index&p=1
NOTIC: D方法实例化没找到模型类Common\Model\BigDepartmentModel

[ 2017-03-31T09:40:52+08:00 ] ::1 /appoint/src/index.php?g=Admin&m=BigDept&a=index&p=2
NOTIC: D方法实例化没找到模型类Common\Model\BigDepartmentModel

[ 2017-03-31T09:40:58+08:00 ] ::1 /appoint/src/index.php?g=Admin&m=BigDept&a=edit&bdept_id=22
NOTIC: D方法实例化没找到模型类Common\Model\BigDepartmentModel

[ 2017-03-31T09:41:08+08:00 ] ::1 /appoint/src/index.php?g=Admin&m=BigDept&a=edit_post
INFO: [ app_begin ] --START--
INFO: Run Behavior\ReadHtmlCacheBehavior [ RunTime:0.001000s ]
INFO: Run Behavior\CheckLangBehavior [ RunTime:0.002000s ]
INFO: Run Common\Behavior\UrldecodeGetBehavior [ RunTime:0.001000s ]
INFO: [ app_begin ] --END-- [ RunTime:0.004000s ]
INFO: [ admin_begin ] --START--
INFO: Run Common\Behavior\AdminDefaultLangBehavior [ RunTime:0.003000s ]
INFO: [ admin_begin ] --END-- [ RunTime:0.003000s ]
SQL: SHOW COLUMNS FROM `hos_users` [ RunTime:0.0110s ]
SQL: SELECT * FROM `hos_users` WHERE `id` = '1' LIMIT 1   [ RunTime:0.0000s ]
NOTIC: D方法实例化没找到模型类Common\Model\BigDepartmentModel
SQL: SHOW COLUMNS FROM `hos_big_department` [ RunTime:0.0156s ]
SQL: SELECT COUNT(*) AS tp_count FROM `hos_big_department` WHERE `bdept_name` = '皮肤性病科' AND `bdept_id` <> '22' LIMIT 1   [ RunTime:0.0000s ]
NOTIC: [8] Undefined index: validate G:\phpstudy\appoint\src\simplewind\Core\Library\Think\Model.class.php 第 1185 行.
NOTIC: [8] Undefined index: auto G:\phpstudy\appoint\src\simplewind\Core\Library\Think\Model.class.php 第 1128 行.
SQL: UPDATE `hos_big_department` SET `bdept_name`='皮肤性病科',`bdept_contactor`='WW',`bdept_mobile`='13232323544' WHERE `bdept_id` = 22 [ RunTime:0.0000s ]

[ 2017-03-31T09:41:09+08:00 ] ::1 /appoint/src/index.php?g=Admin&m=BigDept&a=index
NOTIC: D方法实例化没找到模型类Common\Model\BigDepartmentModel

[ 2017-03-31T09:41:16+08:00 ] ::1 /appoint/src/index.php?g=Admin&m=BigDept&a=index&p=2
NOTIC: D方法实例化没找到模型类Common\Model\BigDepartmentModel

[ 2017-03-31T09:41:20+08:00 ] ::1 /appoint/src/index.php?g=Admin&m=BigDept&a=add
NOTIC: D方法实例化没找到模型类Common\Model\BigDepartmentModel

[ 2017-03-31T09:41:48+08:00 ] ::1 /appoint/src/index.php?g=Admin&m=BigDept&a=add_post
INFO: [ app_begin ] --START--
INFO: Run Behavior\ReadHtmlCacheBehavior [ RunTime:0.001000s ]
INFO: Run Behavior\CheckLangBehavior [ RunTime:0.002000s ]
INFO: Run Common\Behavior\UrldecodeGetBehavior [ RunTime:0.001000s ]
INFO: [ app_begin ] --END-- [ RunTime:0.005000s ]
INFO: [ admin_begin ] --START--
INFO: Run Common\Behavior\AdminDefaultLangBehavior [ RunTime:0.001000s ]
INFO: [ admin_begin ] --END-- [ RunTime:0.002000s ]
SQL: SHOW COLUMNS FROM `hos_users` [ RunTime:0.0000s ]
SQL: SELECT * FROM `hos_users` WHERE `id` = '1' LIMIT 1   [ RunTime:0.0000s ]
NOTIC: D方法实例化没找到模型类Common\Model\BigDepartmentModel
SQL: SHOW COLUMNS FROM `hos_big_department` [ RunTime:0.0156s ]
SQL: SELECT COUNT(*) AS tp_count FROM `hos_big_department` WHERE `bdept_name` = '男性科学' OR `bdept_number` = 'N' LIMIT 1   [ RunTime:0.0468s ]
NOTIC: [8] Undefined index: validate G:\phpstudy\appoint\src\simplewind\Core\Library\Think\Model.class.php 第 1185 行.
NOTIC: [8] Undefined index: auto G:\phpstudy\appoint\src\simplewind\Core\Library\Think\Model.class.php 第 1128 行.
SQL: INSERT INTO `hos_big_department` (`bdept_name`,`bdept_number`,`bdept_contactor`,`bdept_mobile`) VALUES ('男性科学','N','nan','15110358711') [ RunTime:0.0000s ]

[ 2017-03-31T09:41:49+08:00 ] ::1 /appoint/src/index.php?g=Admin&m=BigDept&a=add
NOTIC: D方法实例化没找到模型类Common\Model\BigDepartmentModel

[ 2017-03-31T09:41:52+08:00 ] ::1 /appoint/src/index.php?g=Admin&m=BigDept&a=index
NOTIC: D方法实例化没找到模型类Common\Model\BigDepartmentModel

[ 2017-03-31T09:41:56+08:00 ] ::1 /appoint/src/index.php?g=Admin&m=BigDept&a=index&p=2
NOTIC: D方法实例化没找到模型类Common\Model\BigDepartmentModel

[ 2017-03-31T09:42:03+08:00 ] ::1 /appoint/src/index.php?g=Admin&m=BigDept&a=index&p=1
NOTIC: D方法实例化没找到模型类Common\Model\BigDepartmentModel

[ 2017-03-31T09:42:07+08:00 ] ::1 /appoint/src/index.php?g=Admin&m=BigDept&a=add
NOTIC: D方法实例化没找到模型类Common\Model\BigDepartmentModel

[ 2017-03-31T09:42:44+08:00 ] ::1 /appoint/src/index.php?g=Admin&m=BigDept&a=add_post
INFO: [ app_begin ] --START--
INFO: Run Behavior\ReadHtmlCacheBehavior [ RunTime:0.000000s ]
INFO: Run Behavior\CheckLangBehavior [ RunTime:0.001000s ]
INFO: Run Common\Behavior\UrldecodeGetBehavior [ RunTime:0.002000s ]
INFO: [ app_begin ] --END-- [ RunTime:0.005000s ]
INFO: [ admin_begin ] --START--
INFO: Run Common\Behavior\AdminDefaultLangBehavior [ RunTime:0.002000s ]
INFO: [ admin_begin ] --END-- [ RunTime:0.002000s ]
SQL: SHOW COLUMNS FROM `hos_users` [ RunTime:0.0130s ]
SQL: SELECT * FROM `hos_users` WHERE `id` = '1' LIMIT 1   [ RunTime:0.0010s ]
NOTIC: D方法实例化没找到模型类Common\Model\BigDepartmentModel
SQL: SHOW COLUMNS FROM `hos_big_department` [ RunTime:0.0110s ]
SQL: SELECT COUNT(*) AS tp_count FROM `hos_big_department` WHERE `bdept_name` = '皮肤美容' OR `bdept_number` = 'P' LIMIT 1   [ RunTime:0.0010s ]

[ 2017-03-31T09:42:53+08:00 ] ::1 /appoint/src/index.php?g=Admin&m=BigDept&a=add_post
INFO: [ app_begin ] --START--
INFO: Run Behavior\ReadHtmlCacheBehavior [ RunTime:0.000000s ]
INFO: Run Behavior\CheckLangBehavior [ RunTime:0.002000s ]
INFO: Run Common\Behavior\UrldecodeGetBehavior [ RunTime:0.000000s ]
INFO: [ app_begin ] --END-- [ RunTime:0.003000s ]
INFO: [ admin_begin ] --START--
INFO: Run Common\Behavior\AdminDefaultLangBehavior [ RunTime:0.004000s ]
INFO: [ admin_begin ] --END-- [ RunTime:0.004000s ]
SQL: SHOW COLUMNS FROM `hos_users` [ RunTime:0.0120s ]
SQL: SELECT * FROM `hos_users` WHERE `id` = '1' LIMIT 1   [ RunTime:0.0010s ]
NOTIC: D方法实例化没找到模型类Common\Model\BigDepartmentModel
SQL: SHOW COLUMNS FROM `hos_big_department` [ RunTime:0.0110s ]
SQL: SELECT COUNT(*) AS tp_count FROM `hos_big_department` WHERE `bdept_name` = '皮肤美容' OR `bdept_number` = 'F' LIMIT 1   [ RunTime:0.0010s ]

[ 2017-03-31T09:42:58+08:00 ] ::1 /appoint/src/index.php?g=Admin&m=BigDept&a=add_post
INFO: [ app_begin ] --START--
INFO: Run Behavior\ReadHtmlCacheBehavior [ RunTime:0.001000s ]
INFO: Run Behavior\CheckLangBehavior [ RunTime:0.002000s ]
INFO: Run Common\Behavior\UrldecodeGetBehavior [ RunTime:0.001000s ]
INFO: [ app_begin ] --END-- [ RunTime:0.004000s ]
INFO: [ admin_begin ] --START--
INFO: Run Common\Behavior\AdminDefaultLangBehavior [ RunTime:0.001000s ]
INFO: [ admin_begin ] --END-- [ RunTime:0.001000s ]
SQL: SHOW COLUMNS FROM `hos_users` [ RunTime:0.0120s ]
SQL: SELECT * FROM `hos_users` WHERE `id` = '1' LIMIT 1   [ RunTime:0.0010s ]
NOTIC: D方法实例化没找到模型类Common\Model\BigDepartmentModel
SQL: SHOW COLUMNS FROM `hos_big_department` [ RunTime:0.0110s ]
SQL: SELECT COUNT(*) AS tp_count FROM `hos_big_department` WHERE `bdept_name` = '皮肤美容' OR `bdept_number` = 'M' LIMIT 1   [ RunTime:0.0010s ]

[ 2017-03-31T09:43:03+08:00 ] ::1 /appoint/src/index.php?g=Admin&m=BigDept&a=add_post
INFO: [ app_begin ] --START--
INFO: Run Behavior\ReadHtmlCacheBehavior [ RunTime:0.001000s ]
INFO: Run Behavior\CheckLangBehavior [ RunTime:0.002000s ]
INFO: Run Common\Behavior\UrldecodeGetBehavior [ RunTime:0.001000s ]
INFO: [ app_begin ] --END-- [ RunTime:0.004000s ]
INFO: [ admin_begin ] --START--
INFO: Run Common\Behavior\AdminDefaultLangBehavior [ RunTime:0.003000s ]
INFO: [ admin_begin ] --END-- [ RunTime:0.003000s ]
SQL: SHOW COLUMNS FROM `hos_users` [ RunTime:0.0120s ]
SQL: SELECT * FROM `hos_users` WHERE `id` = '1' LIMIT 1   [ RunTime:0.0010s ]
NOTIC: D方法实例化没找到模型类Common\Model\BigDepartmentModel
SQL: SHOW COLUMNS FROM `hos_big_department` [ RunTime:0.0110s ]
SQL: SELECT COUNT(*) AS tp_count FROM `hos_big_department` WHERE `bdept_name` = '皮肤美容' OR `bdept_number` = 'R' LIMIT 1   [ RunTime:0.0010s ]
NOTIC: [8] Undefined index: validate G:\phpstudy\appoint\src\simplewind\Core\Library\Think\Model.class.php 第 1185 行.
NOTIC: [8] Undefined index: auto G:\phpstudy\appoint\src\simplewind\Core\Library\Think\Model.class.php 第 1128 行.
SQL: INSERT INTO `hos_big_department` (`bdept_name`,`bdept_number`,`bdept_contactor`,`bdept_mobile`) VALUES ('皮肤美容','R','安安','15110358722') [ RunTime:0.0010s ]

[ 2017-03-31T09:43:05+08:00 ] ::1 /appoint/src/index.php?g=Admin&m=BigDept&a=add
NOTIC: D方法实例化没找到模型类Common\Model\BigDepartmentModel

[ 2017-03-31T09:43:09+08:00 ] ::1 /appoint/src/index.php?g=Admin&m=BigDept&a=index
NOTIC: D方法实例化没找到模型类Common\Model\BigDepartmentModel

[ 2017-03-31T09:43:15+08:00 ] ::1 /appoint/src/index.php?g=Admin&m=BigDept&a=index&p=2
NOTIC: D方法实例化没找到模型类Common\Model\BigDepartmentModel

[ 2017-03-31T09:43:20+08:00 ] ::1 /appoint/src/index.php?g=Admin&m=BigDept&a=add
NOTIC: D方法实例化没找到模型类Common\Model\BigDepartmentModel

[ 2017-03-31T09:43:54+08:00 ] ::1 /appoint/src/index.php?g=Admin&m=BigDept&a=add_post
INFO: [ app_begin ] --START--
INFO: Run Behavior\ReadHtmlCacheBehavior [ RunTime:0.001000s ]
INFO: Run Behavior\CheckLangBehavior [ RunTime:0.003000s ]
INFO: Run Common\Behavior\UrldecodeGetBehavior [ RunTime:0.000000s ]
INFO: [ app_begin ] --END-- [ RunTime:0.005000s ]
INFO: [ admin_begin ] --START--
INFO: Run Common\Behavior\AdminDefaultLangBehavior [ RunTime:0.002000s ]
INFO: [ admin_begin ] --END-- [ RunTime:0.002000s ]
SQL: SHOW COLUMNS FROM `hos_users` [ RunTime:0.0120s ]
SQL: SELECT * FROM `hos_users` WHERE `id` = '1' LIMIT 1   [ RunTime:0.0010s ]
NOTIC: D方法实例化没找到模型类Common\Model\BigDepartmentModel
SQL: SHOW COLUMNS FROM `hos_big_department` [ RunTime:0.0120s ]
SQL: SELECT COUNT(*) AS tp_count FROM `hos_big_department` WHERE `bdept_name` = '烧伤科' OR `bdept_number` = 'SS' LIMIT 1   [ RunTime:0.0010s ]
NOTIC: [8] Undefined index: validate G:\phpstudy\appoint\src\simplewind\Core\Library\Think\Model.class.php 第 1185 行.
NOTIC: [8] Undefined index: auto G:\phpstudy\appoint\src\simplewind\Core\Library\Think\Model.class.php 第 1128 行.
SQL: INSERT INTO `hos_big_department` (`bdept_name`,`bdept_number`,`bdept_contactor`,`bdept_mobile`) VALUES ('烧伤科','SS','思思','15110358733') [ RunTime:0.0000s ]

[ 2017-03-31T09:43:55+08:00 ] ::1 /appoint/src/index.php?g=Admin&m=BigDept&a=add
NOTIC: D方法实例化没找到模型类Common\Model\BigDepartmentModel

[ 2017-03-31T09:44:44+08:00 ] ::1 /appoint/src/index.php?g=Admin&m=BigDept&a=add_post
INFO: [ app_begin ] --START--
INFO: Run Behavior\ReadHtmlCacheBehavior [ RunTime:0.001000s ]
INFO: Run Behavior\CheckLangBehavior [ RunTime:0.002000s ]
INFO: Run Common\Behavior\UrldecodeGetBehavior [ RunTime:0.001000s ]
INFO: [ app_begin ] --END-- [ RunTime:0.004000s ]
INFO: [ admin_begin ] --START--
INFO: Run Common\Behavior\AdminDefaultLangBehavior [ RunTime:0.002000s ]
INFO: [ admin_begin ] --END-- [ RunTime:0.002000s ]
SQL: SHOW COLUMNS FROM `hos_users` [ RunTime:0.0080s ]
SQL: SELECT * FROM `hos_users` WHERE `id` = '1' LIMIT 1   [ RunTime:0.0000s ]
NOTIC: D方法实例化没找到模型类Common\Model\BigDepartmentModel
SQL: SHOW COLUMNS FROM `hos_big_department` [ RunTime:0.0080s ]
SQL: SELECT COUNT(*) AS tp_count FROM `hos_big_department` WHERE `bdept_name` = '精神心理科' OR `bdept_number` = 'J' LIMIT 1   [ RunTime:0.0010s ]

[ 2017-03-31T09:44:53+08:00 ] ::1 /appoint/src/index.php?g=Admin&m=BigDept&a=add_post
INFO: [ app_begin ] --START--
INFO: Run Behavior\ReadHtmlCacheBehavior [ RunTime:0.001000s ]
INFO: Run Behavior\CheckLangBehavior [ RunTime:0.002001s ]
INFO: Run Common\Behavior\UrldecodeGetBehavior [ RunTime:0.001000s ]
INFO: [ app_begin ] --END-- [ RunTime:0.005001s ]
INFO: [ admin_begin ] --START--
INFO: Run Common\Behavior\AdminDefaultLangBehavior [ RunTime:0.001000s ]
INFO: [ admin_begin ] --END-- [ RunTime:0.001000s ]
SQL: SHOW COLUMNS FROM `hos_users` [ RunTime:0.0120s ]
SQL: SELECT * FROM `hos_users` WHERE `id` = '1' LIMIT 1   [ RunTime:0.0010s ]
NOTIC: D方法实例化没找到模型类Common\Model\BigDepartmentModel
SQL: SHOW COLUMNS FROM `hos_big_department` [ RunTime:0.0120s ]
SQL: SELECT COUNT(*) AS tp_count FROM `hos_big_department` WHERE `bdept_name` = '精神心理科' OR `bdept_number` = 'JX' LIMIT 1   [ RunTime:0.0010s ]
NOTIC: [8] Undefined index: validate G:\phpstudy\appoint\src\simplewind\Core\Library\Think\Model.class.php 第 1185 行.
NOTIC: [8] Undefined index: auto G:\phpstudy\appoint\src\simplewind\Core\Library\Think\Model.class.php 第 1128 行.
SQL: INSERT INTO `hos_big_department` (`bdept_name`,`bdept_number`,`bdept_contactor`,`bdept_mobile`) VALUES ('精神心理科','JX','金希希','15110358744') [ RunTime:0.0000s ]

[ 2017-03-31T09:44:54+08:00 ] ::1 /appoint/src/index.php?g=Admin&m=BigDept&a=add
NOTIC: D方法实例化没找到模型类Common\Model\BigDepartmentModel

[ 2017-03-31T09:45:07+08:00 ] ::1 /appoint/src/index.php?g=Admin&m=BigDept&a=index
NOTIC: D方法实例化没找到模型类Common\Model\BigDepartmentModel

[ 2017-03-31T09:45:10+08:00 ] ::1 /appoint/src/index.php?g=Admin&m=BigDept&a=index&p=2
NOTIC: D方法实例化没找到模型类Common\Model\BigDepartmentModel

[ 2017-03-31T09:45:16+08:00 ] ::1 /appoint/src/index.php?g=Admin&m=BigDept&a=add
NOTIC: D方法实例化没找到模型类Common\Model\BigDepartmentModel

[ 2017-03-31T09:46:01+08:00 ] ::1 /appoint/src/index.php?g=Admin&m=BigDept&a=add_post
INFO: [ app_begin ] --START--
INFO: Run Behavior\ReadHtmlCacheBehavior [ RunTime:0.001000s ]
INFO: Run Behavior\CheckLangBehavior [ RunTime:0.001000s ]
INFO: Run Common\Behavior\UrldecodeGetBehavior [ RunTime:0.000000s ]
INFO: [ app_begin ] --END-- [ RunTime:0.002000s ]
INFO: [ admin_begin ] --START--
INFO: Run Common\Behavior\AdminDefaultLangBehavior [ RunTime:0.001000s ]
INFO: [ admin_begin ] --END-- [ RunTime:0.001000s ]
SQL: SHOW COLUMNS FROM `hos_users` [ RunTime:0.0130s ]
SQL: SELECT * FROM `hos_users` WHERE `id` = '1' LIMIT 1   [ RunTime:0.0010s ]
NOTIC: D方法实例化没找到模型类Common\Model\BigDepartmentModel
SQL: SHOW COLUMNS FROM `hos_big_department` [ RunTime:0.0120s ]
SQL: SELECT COUNT(*) AS tp_count FROM `hos_big_department` WHERE `bdept_name` = '中医科' OR `bdept_number` = 'ZY' LIMIT 1   [ RunTime:0.0010s ]

[ 2017-03-31T09:46:12+08:00 ] ::1 /appoint/src/index.php?g=Admin&m=BigDept&a=add_post
INFO: [ app_begin ] --START--
INFO: Run Behavior\ReadHtmlCacheBehavior [ RunTime:0.001001s ]
INFO: Run Behavior\CheckLangBehavior [ RunTime:0.002000s ]
INFO: Run Common\Behavior\UrldecodeGetBehavior [ RunTime:0.000000s ]
INFO: [ app_begin ] --END-- [ RunTime:0.005001s ]
INFO: [ admin_begin ] --START--
INFO: Run Common\Behavior\AdminDefaultLangBehavior [ RunTime:0.002000s ]
INFO: [ admin_begin ] --END-- [ RunTime:0.002000s ]
SQL: SHOW COLUMNS FROM `hos_users` [ RunTime:0.0130s ]
SQL: SELECT * FROM `hos_users` WHERE `id` = '1' LIMIT 1   [ RunTime:0.0010s ]
NOTIC: D方法实例化没找到模型类Common\Model\BigDepartmentModel
SQL: SHOW COLUMNS FROM `hos_big_department` [ RunTime:0.0150s ]
SQL: SELECT COUNT(*) AS tp_count FROM `hos_big_department` WHERE `bdept_name` = '中医科' OR `bdept_number` = 'ZK' LIMIT 1   [ RunTime:0.0010s ]

[ 2017-03-31T09:46:37+08:00 ] ::1 /appoint/src/index.php?g=Admin&m=BigDept&a=add_post
INFO: [ app_begin ] --START--
INFO: Run Behavior\ReadHtmlCacheBehavior [ RunTime:0.001000s ]
INFO: Run Behavior\CheckLangBehavior [ RunTime:0.001000s ]
INFO: Run Common\Behavior\UrldecodeGetBehavior [ RunTime:0.000000s ]
INFO: [ app_begin ] --END-- [ RunTime:0.002000s ]
INFO: [ admin_begin ] --START--
INFO: Run Common\Behavior\AdminDefaultLangBehavior [ RunTime:0.002000s ]
INFO: [ admin_begin ] --END-- [ RunTime:0.002000s ]
SQL: SHOW COLUMNS FROM `hos_users` [ RunTime:0.0120s ]
SQL: SELECT * FROM `hos_users` WHERE `id` = '1' LIMIT 1   [ RunTime:0.0010s ]
NOTIC: D方法实例化没找到模型类Common\Model\BigDepartmentModel
SQL: SHOW COLUMNS FROM `hos_big_department` [ RunTime:0.0110s ]
SQL: SELECT COUNT(*) AS tp_count FROM `hos_big_department` WHERE `bdept_name` = '中西医结合科' OR `bdept_number` = 'ZK' LIMIT 1   [ RunTime:0.0000s ]
NOTIC: [8] Undefined index: validate G:\phpstudy\appoint\src\simplewind\Core\Library\Think\Model.class.php 第 1185 行.
NOTIC: [8] Undefined index: auto G:\phpstudy\appoint\src\simplewind\Core\Library\Think\Model.class.php 第 1128 行.
SQL: INSERT INTO `hos_big_department` (`bdept_name`,`bdept_number`,`bdept_contactor`,`bdept_mobile`) VALUES ('中西医结合科','ZK','钟钟','15110358755') [ RunTime:0.0000s ]

[ 2017-03-31T09:46:38+08:00 ] ::1 /appoint/src/index.php?g=Admin&m=BigDept&a=add
NOTIC: D方法实例化没找到模型类Common\Model\BigDepartmentModel

[ 2017-03-31T09:46:40+08:00 ] ::1 /appoint/src/index.php?g=Admin&m=BigDept&a=index
NOTIC: D方法实例化没找到模型类Common\Model\BigDepartmentModel

[ 2017-03-31T09:46:43+08:00 ] ::1 /appoint/src/index.php?g=Admin&m=BigDept&a=index&p=2
NOTIC: D方法实例化没找到模型类Common\Model\BigDepartmentModel

[ 2017-03-31T09:46:47+08:00 ] ::1 /appoint/src/index.php?g=Admin&m=BigDept&a=index&p=3
NOTIC: D方法实例化没找到模型类Common\Model\BigDepartmentModel

[ 2017-03-31T09:46:51+08:00 ] ::1 /appoint/src/index.php?g=Admin&m=BigDept&a=index&p=2
NOTIC: D方法实例化没找到模型类Common\Model\BigDepartmentModel

[ 2017-03-31T09:47:01+08:00 ] ::1 /appoint/src/index.php?g=Admin&m=BigDept&a=add
NOTIC: D方法实例化没找到模型类Common\Model\BigDepartmentModel

[ 2017-03-31T09:47:36+08:00 ] ::1 /appoint/src/index.php?g=Admin&m=BigDept&a=add_post
INFO: [ app_begin ] --START--
INFO: Run Behavior\ReadHtmlCacheBehavior [ RunTime:0.001000s ]
INFO: Run Behavior\CheckLangBehavior [ RunTime:0.001000s ]
INFO: Run Common\Behavior\UrldecodeGetBehavior [ RunTime:0.001001s ]
INFO: [ app_begin ] --END-- [ RunTime:0.004001s ]
INFO: [ admin_begin ] --START--
INFO: Run Common\Behavior\AdminDefaultLangBehavior [ RunTime:0.003000s ]
INFO: [ admin_begin ] --END-- [ RunTime:0.003000s ]
SQL: SHOW COLUMNS FROM `hos_users` [ RunTime:0.0120s ]
SQL: SELECT * FROM `hos_users` WHERE `id` = '1' LIMIT 1   [ RunTime:0.0010s ]
NOTIC: D方法实例化没找到模型类Common\Model\BigDepartmentModel
SQL: SHOW COLUMNS FROM `hos_big_department` [ RunTime:0.0110s ]
SQL: SELECT COUNT(*) AS tp_count FROM `hos_big_department` WHERE `bdept_name` = '传染病科' OR `bdept_number` = 'CR' LIMIT 1   [ RunTime:0.0010s ]
NOTIC: [8] Undefined index: validate G:\phpstudy\appoint\src\simplewind\Core\Library\Think\Model.class.php 第 1185 行.
NOTIC: [8] Undefined index: auto G:\phpstudy\appoint\src\simplewind\Core\Library\Think\Model.class.php 第 1128 行.
SQL: INSERT INTO `hos_big_department` (`bdept_name`,`bdept_number`,`bdept_contactor`,`bdept_mobile`) VALUES ('传染病科','CR','川川','15110358766') [ RunTime:0.0000s ]

[ 2017-03-31T09:47:37+08:00 ] ::1 /appoint/src/index.php?g=Admin&m=BigDept&a=add
NOTIC: D方法实例化没找到模型类Common\Model\BigDepartmentModel

[ 2017-03-31T09:48:37+08:00 ] ::1 /appoint/src/index.php?g=Admin&m=BigDept&a=add_post
INFO: [ app_begin ] --START--
INFO: Run Behavior\ReadHtmlCacheBehavior [ RunTime:0.001000s ]
INFO: Run Behavior\CheckLangBehavior [ RunTime:0.001000s ]
INFO: Run Common\Behavior\UrldecodeGetBehavior [ RunTime:0.001000s ]
INFO: [ app_begin ] --END-- [ RunTime:0.003000s ]
INFO: [ admin_begin ] --START--
INFO: Run Common\Behavior\AdminDefaultLangBehavior [ RunTime:0.001000s ]
INFO: [ admin_begin ] --END-- [ RunTime:0.002000s ]
SQL: SHOW COLUMNS FROM `hos_users` [ RunTime:0.0120s ]
SQL: SELECT * FROM `hos_users` WHERE `id` = '1' LIMIT 1   [ RunTime:0.0010s ]
NOTIC: D方法实例化没找到模型类Common\Model\BigDepartmentModel
SQL: SHOW COLUMNS FROM `hos_big_department` [ RunTime:0.0110s ]
SQL: SELECT COUNT(*) AS tp_count FROM `hos_big_department` WHERE `bdept_name` = '介入医学科' OR `bdept_number` = 'JR' LIMIT 1   [ RunTime:0.0000s ]
NOTIC: [8] Undefined index: validate G:\phpstudy\appoint\src\simplewind\Core\Library\Think\Model.class.php 第 1185 行.
NOTIC: [8] Undefined index: auto G:\phpstudy\appoint\src\simplewind\Core\Library\Think\Model.class.php 第 1128 行.
SQL: INSERT INTO `hos_big_department` (`bdept_name`,`bdept_number`,`bdept_contactor`,`bdept_mobile`) VALUES ('介入医学科','JR','杰杰','15110358777') [ RunTime:0.0010s ]

[ 2017-03-31T09:48:38+08:00 ] ::1 /appoint/src/index.php?g=Admin&m=BigDept&a=add
NOTIC: D方法实例化没找到模型类Common\Model\BigDepartmentModel

[ 2017-03-31T09:49:01+08:00 ] ::1 /appoint/src/index.php?g=Admin&m=BigDept&a=add_post
INFO: [ app_begin ] --START--
INFO: Run Behavior\ReadHtmlCacheBehavior [ RunTime:0.001000s ]
INFO: Run Behavior\CheckLangBehavior [ RunTime:0.001000s ]
INFO: Run Common\Behavior\UrldecodeGetBehavior [ RunTime:0.000000s ]
INFO: [ app_begin ] --END-- [ RunTime:0.002000s ]
INFO: [ admin_begin ] --START--
INFO: Run Common\Behavior\AdminDefaultLangBehavior [ RunTime:0.001001s ]
INFO: [ admin_begin ] --END-- [ RunTime:0.001001s ]
SQL: SHOW COLUMNS FROM `hos_users` [ RunTime:0.0120s ]
SQL: SELECT * FROM `hos_users` WHERE `id` = '1' LIMIT 1   [ RunTime:0.0010s ]
NOTIC: D方法实例化没找到模型类Common\Model\BigDepartmentModel
SQL: SHOW COLUMNS FROM `hos_big_department` [ RunTime:0.0110s ]
SQL: SELECT COUNT(*) AS tp_count FROM `hos_big_department` WHERE `bdept_name` = '康复医学科' OR `bdept_number` = 'KF' LIMIT 1   [ RunTime:0.0000s ]
NOTIC: [8] Undefined index: validate G:\phpstudy\appoint\src\simplewind\Core\Library\Think\Model.class.php 第 1185 行.
NOTIC: [8] Undefined index: auto G:\phpstudy\appoint\src\simplewind\Core\Library\Think\Model.class.php 第 1128 行.
SQL: INSERT INTO `hos_big_department` (`bdept_name`,`bdept_number`,`bdept_contactor`,`bdept_mobile`) VALUES ('康复医学科','KF','康康','15110358788') [ RunTime:0.0000s ]

[ 2017-03-31T09:49:02+08:00 ] ::1 /appoint/src/index.php?g=Admin&m=BigDept&a=add
NOTIC: D方法实例化没找到模型类Common\Model\BigDepartmentModel

[ 2017-03-31T09:49:33+08:00 ] ::1 /appoint/src/index.php?g=Admin&m=BigDept&a=add_post
INFO: [ app_begin ] --START--
INFO: Run Behavior\ReadHtmlCacheBehavior [ RunTime:0.001000s ]
INFO: Run Behavior\CheckLangBehavior [ RunTime:0.001000s ]
INFO: Run Common\Behavior\UrldecodeGetBehavior [ RunTime:0.001000s ]
INFO: [ app_begin ] --END-- [ RunTime:0.003000s ]
INFO: [ admin_begin ] --START--
INFO: Run Common\Behavior\AdminDefaultLangBehavior [ RunTime:0.002000s ]
INFO: [ admin_begin ] --END-- [ RunTime:0.002000s ]
SQL: SHOW COLUMNS FROM `hos_users` [ RunTime:0.0110s ]
SQL: SELECT * FROM `hos_users` WHERE `id` = '1' LIMIT 1   [ RunTime:0.0000s ]
NOTIC: D方法实例化没找到模型类Common\Model\BigDepartmentModel
SQL: SHOW COLUMNS FROM `hos_big_department` [ RunTime:0.0100s ]
SQL: SELECT COUNT(*) AS tp_count FROM `hos_big_department` WHERE `bdept_name` = '运动医学科' OR `bdept_number` = 'YD' LIMIT 1   [ RunTime:0.0010s ]
NOTIC: [8] Undefined index: validate G:\phpstudy\appoint\src\simplewind\Core\Library\Think\Model.class.php 第 1185 行.
NOTIC: [8] Undefined index: auto G:\phpstudy\appoint\src\simplewind\Core\Library\Think\Model.class.php 第 1128 行.
SQL: INSERT INTO `hos_big_department` (`bdept_name`,`bdept_number`,`bdept_contactor`,`bdept_mobile`) VALUES ('运动医学科','YD','栋栋','15110358799') [ RunTime:0.0010s ]

[ 2017-03-31T09:49:34+08:00 ] ::1 /appoint/src/index.php?g=Admin&m=BigDept&a=add
NOTIC: D方法实例化没找到模型类Common\Model\BigDepartmentModel

[ 2017-03-31T09:50:05+08:00 ] ::1 /appoint/src/index.php?g=Admin&m=BigDept&a=add_post
INFO: [ app_begin ] --START--
INFO: Run Behavior\ReadHtmlCacheBehavior [ RunTime:0.001000s ]
INFO: Run Behavior\CheckLangBehavior [ RunTime:0.002000s ]
INFO: Run Common\Behavior\UrldecodeGetBehavior [ RunTime:0.000000s ]
INFO: [ app_begin ] --END-- [ RunTime:0.005000s ]
INFO: [ admin_begin ] --START--
INFO: Run Common\Behavior\AdminDefaultLangBehavior [ RunTime:0.004000s ]
INFO: [ admin_begin ] --END-- [ RunTime:0.004000s ]
SQL: SHOW COLUMNS FROM `hos_users` [ RunTime:0.0130s ]
SQL: SELECT * FROM `hos_users` WHERE `id` = '1' LIMIT 1   [ RunTime:0.0010s ]
NOTIC: D方法实例化没找到模型类Common\Model\BigDepartmentModel
SQL: SHOW COLUMNS FROM `hos_big_department` [ RunTime:0.0110s ]
SQL: SELECT COUNT(*) AS tp_count FROM `hos_big_department` WHERE `bdept_name` = '麻醉医学科' OR `bdept_number` = 'MZ' LIMIT 1   [ RunTime:0.0010s ]
NOTIC: [8] Undefined index: validate G:\phpstudy\appoint\src\simplewind\Core\Library\Think\Model.class.php 第 1185 行.
NOTIC: [8] Undefined index: auto G:\phpstudy\appoint\src\simplewind\Core\Library\Think\Model.class.php 第 1128 行.
SQL: INSERT INTO `hos_big_department` (`bdept_name`,`bdept_number`,`bdept_contactor`,`bdept_mobile`) VALUES ('麻醉医学科','MZ','醉醉','15110358700') [ RunTime:0.0000s ]

[ 2017-03-31T09:50:07+08:00 ] ::1 /appoint/src/index.php?g=Admin&m=BigDept&a=add
NOTIC: D方法实例化没找到模型类Common\Model\BigDepartmentModel

[ 2017-03-31T09:50:33+08:00 ] ::1 /appoint/src/index.php?g=Admin&m=BigDept&a=add_post
INFO: [ app_begin ] --START--
INFO: Run Behavior\ReadHtmlCacheBehavior [ RunTime:0.001000s ]
INFO: Run Behavior\CheckLangBehavior [ RunTime:0.003000s ]
INFO: Run Common\Behavior\UrldecodeGetBehavior [ RunTime:0.001000s ]
INFO: [ app_begin ] --END-- [ RunTime:0.006000s ]
INFO: [ admin_begin ] --START--
INFO: Run Common\Behavior\AdminDefaultLangBehavior [ RunTime:0.002000s ]
INFO: [ admin_begin ] --END-- [ RunTime:0.002000s ]
SQL: SHOW COLUMNS FROM `hos_users` [ RunTime:0.0050s ]
SQL: SELECT * FROM `hos_users` WHERE `id` = '1' LIMIT 1   [ RunTime:0.0000s ]
NOTIC: D方法实例化没找到模型类Common\Model\BigDepartmentModel
SQL: SHOW COLUMNS FROM `hos_big_department` [ RunTime:0.0040s ]
SQL: SELECT COUNT(*) AS tp_count FROM `hos_big_department` WHERE `bdept_name` = '职业病科' OR `bdept_number` = 'ZY' LIMIT 1   [ RunTime:0.0000s ]

[ 2017-03-31T09:50:45+08:00 ] ::1 /appoint/src/index.php?g=Admin&m=BigDept&a=add_post
INFO: [ app_begin ] --START--
INFO: Run Behavior\ReadHtmlCacheBehavior [ RunTime:0.001000s ]
INFO: Run Behavior\CheckLangBehavior [ RunTime:0.001000s ]
INFO: Run Common\Behavior\UrldecodeGetBehavior [ RunTime:0.001000s ]
INFO: [ app_begin ] --END-- [ RunTime:0.004000s ]
INFO: [ admin_begin ] --START--
INFO: Run Common\Behavior\AdminDefaultLangBehavior [ RunTime:0.002000s ]
INFO: [ admin_begin ] --END-- [ RunTime:0.002000s ]
SQL: SHOW COLUMNS FROM `hos_users` [ RunTime:0.0120s ]
SQL: SELECT * FROM `hos_users` WHERE `id` = '1' LIMIT 1   [ RunTime:0.0010s ]
NOTIC: D方法实例化没找到模型类Common\Model\BigDepartmentModel
SQL: SHOW COLUMNS FROM `hos_big_department` [ RunTime:0.0110s ]
SQL: SELECT COUNT(*) AS tp_count FROM `hos_big_department` WHERE `bdept_name` = '职业病科' OR `bdept_number` = 'ZB' LIMIT 1   [ RunTime:0.0000s ]
NOTIC: [8] Undefined index: validate G:\phpstudy\appoint\src\simplewind\Core\Library\Think\Model.class.php 第 1185 行.
NOTIC: [8] Undefined index: auto G:\phpstudy\appoint\src\simplewind\Core\Library\Think\Model.class.php 第 1128 行.
SQL: INSERT INTO `hos_big_department` (`bdept_name`,`bdept_number`,`bdept_contactor`,`bdept_mobile`) VALUES ('职业病科','ZB','叶叶','15110358712') [ RunTime:0.0010s ]

[ 2017-03-31T09:50:46+08:00 ] ::1 /appoint/src/index.php?g=Admin&m=BigDept&a=add
NOTIC: D方法实例化没找到模型类Common\Model\BigDepartmentModel

[ 2017-03-31T09:51:25+08:00 ] ::1 /appoint/src/index.php?g=Admin&m=BigDept&a=add_post
INFO: [ app_begin ] --START--
INFO: Run Behavior\ReadHtmlCacheBehavior [ RunTime:0.001000s ]
INFO: Run Behavior\CheckLangBehavior [ RunTime:0.001000s ]
INFO: Run Common\Behavior\UrldecodeGetBehavior [ RunTime:0.000000s ]
INFO: [ app_begin ] --END-- [ RunTime:0.003000s ]
INFO: [ admin_begin ] --START--
INFO: Run Common\Behavior\AdminDefaultLangBehavior [ RunTime:0.001000s ]
INFO: [ admin_begin ] --END-- [ RunTime:0.001000s ]
SQL: SHOW COLUMNS FROM `hos_users` [ RunTime:0.0140s ]
SQL: SELECT * FROM `hos_users` WHERE `id` = '1' LIMIT 1   [ RunTime:0.0010s ]
NOTIC: D方法实例化没找到模型类Common\Model\BigDepartmentModel
SQL: SHOW COLUMNS FROM `hos_big_department` [ RunTime:0.0120s ]
SQL: SELECT COUNT(*) AS tp_count FROM `hos_big_department` WHERE `bdept_name` = '营养科' OR `bdept_number` = 'YY' LIMIT 1   [ RunTime:0.0010s ]

[ 2017-03-31T09:51:29+08:00 ] ::1 /appoint/src/index.php?g=Admin&m=BigDept&a=index
NOTIC: D方法实例化没找到模型类Common\Model\BigDepartmentModel

[ 2017-03-31T09:51:33+08:00 ] ::1 /appoint/src/index.php?g=Admin&m=BigDept&a=index&p=2
NOTIC: D方法实例化没找到模型类Common\Model\BigDepartmentModel

[ 2017-03-31T09:51:37+08:00 ] ::1 /appoint/src/index.php?g=Admin&m=BigDept&a=index&p=3
NOTIC: D方法实例化没找到模型类Common\Model\BigDepartmentModel

[ 2017-03-31T09:51:47+08:00 ] ::1 /appoint/src/index.php?g=Admin&m=BigDept&a=index
NOTIC: D方法实例化没找到模型类Common\Model\BigDepartmentModel

[ 2017-03-31T09:51:51+08:00 ] ::1 /appoint/src/index.php?g=Admin&m=BigDept&a=add
NOTIC: D方法实例化没找到模型类Common\Model\BigDepartmentModel

[ 2017-03-31T09:52:09+08:00 ] ::1 /appoint/src/index.php?g=Admin&m=BigDept&a=add_post
INFO: [ app_begin ] --START--
INFO: Run Behavior\ReadHtmlCacheBehavior [ RunTime:0.001000s ]
INFO: Run Behavior\CheckLangBehavior [ RunTime:0.002001s ]
INFO: Run Common\Behavior\UrldecodeGetBehavior [ RunTime:0.001000s ]
INFO: [ app_begin ] --END-- [ RunTime:0.004001s ]
INFO: [ admin_begin ] --START--
INFO: Run Common\Behavior\AdminDefaultLangBehavior [ RunTime:0.002000s ]
INFO: [ admin_begin ] --END-- [ RunTime:0.002000s ]
SQL: SHOW COLUMNS FROM `hos_users` [ RunTime:0.0120s ]
SQL: SELECT * FROM `hos_users` WHERE `id` = '1' LIMIT 1   [ RunTime:0.0010s ]
NOTIC: D方法实例化没找到模型类Common\Model\BigDepartmentModel
SQL: SHOW COLUMNS FROM `hos_big_department` [ RunTime:0.0110s ]
SQL: SELECT COUNT(*) AS tp_count FROM `hos_big_department` WHERE `bdept_name` = '营养科' OR `bdept_number` = 'YK' LIMIT 1   [ RunTime:0.0010s ]
NOTIC: [8] Undefined index: validate G:\phpstudy\appoint\src\simplewind\Core\Library\Think\Model.class.php 第 1185 行.
NOTIC: [8] Undefined index: auto G:\phpstudy\appoint\src\simplewind\Core\Library\Think\Model.class.php 第 1128 行.
SQL: INSERT INTO `hos_big_department` (`bdept_name`,`bdept_number`,`bdept_contactor`,`bdept_mobile`) VALUES ('营养科','YK','莹莹','15110358714') [ RunTime:0.0010s ]

[ 2017-03-31T09:52:10+08:00 ] ::1 /appoint/src/index.php?g=Admin&m=BigDept&a=add
NOTIC: D方法实例化没找到模型类Common\Model\BigDepartmentModel

[ 2017-03-31T09:52:15+08:00 ] ::1 /appoint/src/index.php?g=Admin&m=BigDept&a=index
NOTIC: D方法实例化没找到模型类Common\Model\BigDepartmentModel

[ 2017-03-31T09:52:18+08:00 ] ::1 /appoint/src/index.php?g=Admin&m=BigDept&a=index&p=2
NOTIC: D方法实例化没找到模型类Common\Model\BigDepartmentModel

[ 2017-03-31T09:52:22+08:00 ] ::1 /appoint/src/index.php?g=Admin&m=BigDept&a=index&p=3
NOTIC: D方法实例化没找到模型类Common\Model\BigDepartmentModel

[ 2017-03-31T09:52:28+08:00 ] ::1 /appoint/src/index.php?g=Admin&m=Disease&a=index
NOTIC: D方法实例化没找到模型类Common\Model\BigDepartmentModel
NOTIC: D方法实例化没找到模型类Common\Model\DiseaseModel

[ 2017-03-31T09:52:54+08:00 ] ::1 /appoint/src/index.php?g=Admin&m=Disease&a=edit&disease_id=2
NOTIC: D方法实例化没找到模型类Common\Model\BigDepartmentModel
NOTIC: D方法实例化没找到模型类Common\Model\DiseaseModel

[ 2017-03-31T09:53:08+08:00 ] ::1 /appoint/src/index.php?g=Admin&m=Disease&a=edit_post
INFO: [ app_begin ] --START--
INFO: Run Behavior\ReadHtmlCacheBehavior [ RunTime:0.000000s ]
INFO: Run Behavior\CheckLangBehavior [ RunTime:0.001000s ]
INFO: Run Common\Behavior\UrldecodeGetBehavior [ RunTime:0.001000s ]
INFO: [ app_begin ] --END-- [ RunTime:0.003001s ]
INFO: [ admin_begin ] --START--
INFO: Run Common\Behavior\AdminDefaultLangBehavior [ RunTime:0.001000s ]
INFO: [ admin_begin ] --END-- [ RunTime:0.001000s ]
SQL: SHOW COLUMNS FROM `hos_users` [ RunTime:0.0000s ]
SQL: SELECT * FROM `hos_users` WHERE `id` = '1' LIMIT 1   [ RunTime:0.0000s ]
NOTIC: D方法实例化没找到模型类Common\Model\BigDepartmentModel
SQL: SHOW COLUMNS FROM `hos_big_department` [ RunTime:0.0000s ]
NOTIC: D方法实例化没找到模型类Common\Model\DiseaseModel
SQL: SHOW COLUMNS FROM `hos_disease` [ RunTime:0.0000s ]

[ 2017-03-31T09:53:17+08:00 ] ::1 /appoint/src/index.php?g=Admin&m=Disease&a=edit_post
INFO: [ app_begin ] --START--
INFO: Run Behavior\ReadHtmlCacheBehavior [ RunTime:0.001000s ]
INFO: Run Behavior\CheckLangBehavior [ RunTime:0.002000s ]
INFO: Run Common\Behavior\UrldecodeGetBehavior [ RunTime:0.001000s ]
INFO: [ app_begin ] --END-- [ RunTime:0.005000s ]
INFO: [ admin_begin ] --START--
INFO: Run Common\Behavior\AdminDefaultLangBehavior [ RunTime:0.003001s ]
INFO: [ admin_begin ] --END-- [ RunTime:0.003001s ]
SQL: SHOW COLUMNS FROM `hos_users` [ RunTime:0.0000s ]
SQL: SELECT * FROM `hos_users` WHERE `id` = '1' LIMIT 1   [ RunTime:0.0000s ]
NOTIC: D方法实例化没找到模型类Common\Model\BigDepartmentModel
SQL: SHOW COLUMNS FROM `hos_big_department` [ RunTime:0.0000s ]
NOTIC: D方法实例化没找到模型类Common\Model\DiseaseModel
SQL: SHOW COLUMNS FROM `hos_disease` [ RunTime:0.0156s ]
SQL: SELECT `bdept_name` FROM `hos_big_department` WHERE `bdept_id` = 18 LIMIT 1   [ RunTime:0.0000s ]
SQL: SELECT COUNT(*) AS tp_count FROM `hos_disease` WHERE `disease_name` = '订单心血管内科' AND `disease_id` <> '2' LIMIT 1   [ RunTime:0.0000s ]
NOTIC: [8] Undefined index: validate G:\phpstudy\appoint\src\simplewind\Core\Library\Think\Model.class.php 第 1185 行.
NOTIC: [8] Undefined index: auto G:\phpstudy\appoint\src\simplewind\Core\Library\Think\Model.class.php 第 1128 行.
SQL: UPDATE `hos_disease` SET `disease_name`='订单心血管内科',`bdept_id`='18',`disease_contactor`='33',`disease_mobile`='13244444444',`bdept_name`='内科' WHERE `disease_id` = 2 [ RunTime:0.0000s ]

[ 2017-03-31T09:53:19+08:00 ] ::1 /appoint/src/index.php?g=Admin&m=Disease&a=add
NOTIC: D方法实例化没找到模型类Common\Model\BigDepartmentModel
NOTIC: D方法实例化没找到模型类Common\Model\DiseaseModel

[ 2017-03-31T09:53:22+08:00 ] ::1 /appoint/src/index.php?g=Admin&m=Disease&a=index
NOTIC: D方法实例化没找到模型类Common\Model\BigDepartmentModel
NOTIC: D方法实例化没找到模型类Common\Model\DiseaseModel

[ 2017-03-31T09:56:02+08:00 ] ::1 /appoint/src/index.php?g=Admin&m=Disease&a=index
NOTIC: D方法实例化没找到模型类Common\Model\BigDepartmentModel
NOTIC: D方法实例化没找到模型类Common\Model\DiseaseModel

[ 2017-03-31T09:56:04+08:00 ] ::1 /appoint/src/index.php?g=Admin&m=Disease&a=edit&disease_id=2
NOTIC: D方法实例化没找到模型类Common\Model\BigDepartmentModel
NOTIC: D方法实例化没找到模型类Common\Model\DiseaseModel

[ 2017-03-31T09:56:32+08:00 ] ::1 /appoint/src/index.php?g=Admin&m=Disease&a=edit&disease_id=2
NOTIC: D方法实例化没找到模型类Common\Model\BigDepartmentModel
NOTIC: D方法实例化没找到模型类Common\Model\DiseaseModel

[ 2017-03-31T09:56:35+08:00 ] ::1 /appoint/src/index.php?g=Admin&m=Disease&a=index
NOTIC: D方法实例化没找到模型类Common\Model\BigDepartmentModel
NOTIC: D方法实例化没找到模型类Common\Model\DiseaseModel

[ 2017-03-31T09:56:38+08:00 ] ::1 /appoint/src/index.php?g=Admin&m=Disease&a=edit&disease_id=4
NOTIC: D方法实例化没找到模型类Common\Model\BigDepartmentModel
NOTIC: D方法实例化没找到模型类Common\Model\DiseaseModel

[ 2017-03-31T09:56:44+08:00 ] ::1 /appoint/src/index.php?g=Admin&m=Disease&a=index
NOTIC: D方法实例化没找到模型类Common\Model\BigDepartmentModel
NOTIC: D方法实例化没找到模型类Common\Model\DiseaseModel

[ 2017-03-31T09:56:49+08:00 ] ::1 /appoint/src/index.php?g=Admin&m=Disease&a=edit&disease_id=6
NOTIC: D方法实例化没找到模型类Common\Model\BigDepartmentModel
NOTIC: D方法实例化没找到模型类Common\Model\DiseaseModel

[ 2017-03-31T09:56:53+08:00 ] ::1 /appoint/src/index.php?g=Admin&m=Disease&a=index
NOTIC: D方法实例化没找到模型类Common\Model\BigDepartmentModel
NOTIC: D方法实例化没找到模型类Common\Model\DiseaseModel

[ 2017-03-31T09:56:57+08:00 ] ::1 /appoint/src/index.php?g=Admin&m=Disease&a=edit&disease_id=9
NOTIC: D方法实例化没找到模型类Common\Model\BigDepartmentModel
NOTIC: D方法实例化没找到模型类Common\Model\DiseaseModel

[ 2017-03-31T09:57:01+08:00 ] ::1 /appoint/src/index.php?g=Admin&m=Disease&a=index
NOTIC: D方法实例化没找到模型类Common\Model\BigDepartmentModel
NOTIC: D方法实例化没找到模型类Common\Model\DiseaseModel

[ 2017-03-31T09:57:12+08:00 ] ::1 /appoint/src/index.php?g=Admin&m=Disease&a=edit&disease_id=2
NOTIC: D方法实例化没找到模型类Common\Model\BigDepartmentModel
NOTIC: D方法实例化没找到模型类Common\Model\DiseaseModel

[ 2017-03-31T09:57:17+08:00 ] ::1 /appoint/src/index.php?g=Admin&m=Disease&a=edit_post
INFO: [ app_begin ] --START--
INFO: Run Behavior\ReadHtmlCacheBehavior [ RunTime:0.000000s ]
INFO: Run Behavior\CheckLangBehavior [ RunTime:0.002000s ]
INFO: Run Common\Behavior\UrldecodeGetBehavior [ RunTime:0.001000s ]
INFO: [ app_begin ] --END-- [ RunTime:0.005000s ]
INFO: [ admin_begin ] --START--
INFO: Run Common\Behavior\AdminDefaultLangBehavior [ RunTime:0.002000s ]
INFO: [ admin_begin ] --END-- [ RunTime:0.002000s ]
SQL: SHOW COLUMNS FROM `hos_users` [ RunTime:0.0000s ]
SQL: SELECT * FROM `hos_users` WHERE `id` = '1' LIMIT 1   [ RunTime:0.0156s ]
NOTIC: D方法实例化没找到模型类Common\Model\BigDepartmentModel
SQL: SHOW COLUMNS FROM `hos_big_department` [ RunTime:0.0000s ]
NOTIC: D方法实例化没找到模型类Common\Model\DiseaseModel
SQL: SHOW COLUMNS FROM `hos_disease` [ RunTime:0.0196s ]
SQL: SELECT `bdept_name` FROM `hos_big_department` WHERE `bdept_id` = 18 LIMIT 1   [ RunTime:0.0000s ]
SQL: SELECT COUNT(*) AS tp_count FROM `hos_disease` WHERE `disease_name` = '心血管内科' AND `disease_id` <> '2' LIMIT 1   [ RunTime:0.0010s ]
NOTIC: [8] Undefined index: validate G:\phpstudy\appoint\src\simplewind\Core\Library\Think\Model.class.php 第 1185 行.
NOTIC: [8] Undefined index: auto G:\phpstudy\appoint\src\simplewind\Core\Library\Think\Model.class.php 第 1128 行.
SQL: UPDATE `hos_disease` SET `disease_name`='心血管内科',`bdept_id`='18',`disease_contactor`='33',`disease_mobile`='13244444444',`bdept_name`='内科' WHERE `disease_id` = 2 [ RunTime:0.0010s ]

[ 2017-03-31T09:57:18+08:00 ] ::1 /appoint/src/index.php?g=Admin&m=Disease&a=add
NOTIC: D方法实例化没找到模型类Common\Model\BigDepartmentModel
NOTIC: D方法实例化没找到模型类Common\Model\DiseaseModel

[ 2017-03-31T09:57:48+08:00 ] ::1 /appoint/src/index.php?g=Admin&m=Disease&a=index
NOTIC: D方法实例化没找到模型类Common\Model\BigDepartmentModel
NOTIC: D方法实例化没找到模型类Common\Model\DiseaseModel

[ 2017-03-31T09:57:53+08:00 ] ::1 /appoint/src/index.php?g=Admin&m=Disease&a=edit&disease_id=4
NOTIC: D方法实例化没找到模型类Common\Model\BigDepartmentModel
NOTIC: D方法实例化没找到模型类Common\Model\DiseaseModel

[ 2017-03-31T09:58:11+08:00 ] ::1 /appoint/src/index.php?g=Admin&m=Disease&a=edit_post
INFO: [ app_begin ] --START--
INFO: Run Behavior\ReadHtmlCacheBehavior [ RunTime:0.002000s ]
INFO: Run Behavior\CheckLangBehavior [ RunTime:0.002000s ]
INFO: Run Common\Behavior\UrldecodeGetBehavior [ RunTime:0.000000s ]
INFO: [ app_begin ] --END-- [ RunTime:0.006000s ]
INFO: [ admin_begin ] --START--
INFO: Run Common\Behavior\AdminDefaultLangBehavior [ RunTime:0.002000s ]
INFO: [ admin_begin ] --END-- [ RunTime:0.002000s ]
SQL: SHOW COLUMNS FROM `hos_users` [ RunTime:0.0000s ]
SQL: SELECT * FROM `hos_users` WHERE `id` = '1' LIMIT 1   [ RunTime:0.0000s ]
NOTIC: D方法实例化没找到模型类Common\Model\BigDepartmentModel
SQL: SHOW COLUMNS FROM `hos_big_department` [ RunTime:0.0000s ]
NOTIC: D方法实例化没找到模型类Common\Model\DiseaseModel
SQL: SHOW COLUMNS FROM `hos_disease` [ RunTime:0.0156s ]
SQL: SELECT `bdept_name` FROM `hos_big_department` WHERE `bdept_id` = 18 LIMIT 1   [ RunTime:0.0000s ]
SQL: SELECT COUNT(*) AS tp_count FROM `hos_disease` WHERE `disease_name` = '精神内科' AND `disease_id` <> '4' LIMIT 1   [ RunTime:0.0000s ]
NOTIC: [8] Undefined index: validate G:\phpstudy\appoint\src\simplewind\Core\Library\Think\Model.class.php 第 1185 行.
NOTIC: [8] Undefined index: auto G:\phpstudy\appoint\src\simplewind\Core\Library\Think\Model.class.php 第 1128 行.
SQL: UPDATE `hos_disease` SET `disease_name`='精神内科',`bdept_id`='18',`disease_contactor`='问问',`disease_mobile`='13244444444',`bdept_name`='内科' WHERE `disease_id` = 4 [ RunTime:0.0000s ]

[ 2017-03-31T09:58:12+08:00 ] ::1 /appoint/src/index.php?g=Admin&m=Disease&a=index
NOTIC: D方法实例化没找到模型类Common\Model\BigDepartmentModel
NOTIC: D方法实例化没找到模型类Common\Model\DiseaseModel

[ 2017-03-31T09:58:20+08:00 ] ::1 /appoint/src/index.php?g=Admin&m=Disease&a=add
NOTIC: D方法实例化没找到模型类Common\Model\BigDepartmentModel
NOTIC: D方法实例化没找到模型类Common\Model\DiseaseModel

[ 2017-03-31T09:58:45+08:00 ] ::1 /appoint/src/index.php?g=Admin&m=Disease&a=add_post
INFO: [ app_begin ] --START--
INFO: Run Behavior\ReadHtmlCacheBehavior [ RunTime:0.002000s ]
INFO: Run Behavior\CheckLangBehavior [ RunTime:0.002000s ]
INFO: Run Common\Behavior\UrldecodeGetBehavior [ RunTime:0.000000s ]
INFO: [ app_begin ] --END-- [ RunTime:0.005000s ]
INFO: [ admin_begin ] --START--
INFO: Run Common\Behavior\AdminDefaultLangBehavior [ RunTime:0.003000s ]
INFO: [ admin_begin ] --END-- [ RunTime:0.003000s ]
SQL: SHOW COLUMNS FROM `hos_users` [ RunTime:0.0000s ]
SQL: SELECT * FROM `hos_users` WHERE `id` = '1' LIMIT 1   [ RunTime:0.0000s ]
NOTIC: D方法实例化没找到模型类Common\Model\BigDepartmentModel
SQL: SHOW COLUMNS FROM `hos_big_department` [ RunTime:0.0000s ]
NOTIC: D方法实例化没找到模型类Common\Model\DiseaseModel
SQL: SHOW COLUMNS FROM `hos_disease` [ RunTime:0.0000s ]
SQL: SELECT `bdept_name` FROM `hos_big_department` WHERE `bdept_id` = 18 LIMIT 1   [ RunTime:0.0000s ]
SQL: SELECT COUNT(*) AS tp_count FROM `hos_disease` WHERE `disease_name` = '消化内科' LIMIT 1   [ RunTime:0.0000s ]
NOTIC: [8] Undefined index: validate G:\phpstudy\appoint\src\simplewind\Core\Library\Think\Model.class.php 第 1185 行.
NOTIC: [8] Undefined index: auto G:\phpstudy\appoint\src\simplewind\Core\Library\Think\Model.class.php 第 1128 行.
SQL: INSERT INTO `hos_disease` (`disease_name`,`bdept_id`,`disease_contactor`,`disease_mobile`,`bdept_name`) VALUES ('消化内科','18','晓晓','15110351111','内科') [ RunTime:0.0000s ]

[ 2017-03-31T09:58:46+08:00 ] ::1 /appoint/src/index.php?g=Admin&m=Disease&a=add
NOTIC: D方法实例化没找到模型类Common\Model\BigDepartmentModel
NOTIC: D方法实例化没找到模型类Common\Model\DiseaseModel

[ 2017-03-31T09:59:10+08:00 ] ::1 /appoint/src/index.php?g=Admin&m=Disease&a=add_post
INFO: [ app_begin ] --START--
INFO: Run Behavior\ReadHtmlCacheBehavior [ RunTime:0.001000s ]
INFO: Run Behavior\CheckLangBehavior [ RunTime:0.001000s ]
INFO: Run Common\Behavior\UrldecodeGetBehavior [ RunTime:0.001000s ]
INFO: [ app_begin ] --END-- [ RunTime:0.003000s ]
INFO: [ admin_begin ] --START--
INFO: Run Common\Behavior\AdminDefaultLangBehavior [ RunTime:0.002001s ]
INFO: [ admin_begin ] --END-- [ RunTime:0.002001s ]
SQL: SHOW COLUMNS FROM `hos_users` [ RunTime:0.0130s ]
SQL: SELECT * FROM `hos_users` WHERE `id` = '1' LIMIT 1   [ RunTime:0.0010s ]
NOTIC: D方法实例化没找到模型类Common\Model\BigDepartmentModel
SQL: SHOW COLUMNS FROM `hos_big_department` [ RunTime:0.0110s ]
NOTIC: D方法实例化没找到模型类Common\Model\DiseaseModel
SQL: SHOW COLUMNS FROM `hos_disease` [ RunTime:0.0040s ]
SQL: SELECT `bdept_name` FROM `hos_big_department` WHERE `bdept_id` = 18 LIMIT 1   [ RunTime:0.0000s ]
SQL: SELECT COUNT(*) AS tp_count FROM `hos_disease` WHERE `disease_name` = '内分泌科' LIMIT 1   [ RunTime:0.0000s ]
NOTIC: [8] Undefined index: validate G:\phpstudy\appoint\src\simplewind\Core\Library\Think\Model.class.php 第 1185 行.
NOTIC: [8] Undefined index: auto G:\phpstudy\appoint\src\simplewind\Core\Library\Think\Model.class.php 第 1128 行.
SQL: INSERT INTO `hos_disease` (`disease_name`,`bdept_id`,`disease_contactor`,`disease_mobile`,`bdept_name`) VALUES ('内分泌科','18','分分','15110351112','内科') [ RunTime:0.0000s ]

[ 2017-03-31T09:59:11+08:00 ] ::1 /appoint/src/index.php?g=Admin&m=Disease&a=add
NOTIC: D方法实例化没找到模型类Common\Model\BigDepartmentModel
NOTIC: D方法实例化没找到模型类Common\Model\DiseaseModel

[ 2017-03-31T09:59:49+08:00 ] ::1 /appoint/src/index.php?g=Admin&m=Disease&a=add_post
INFO: [ app_begin ] --START--
INFO: Run Behavior\ReadHtmlCacheBehavior [ RunTime:0.001000s ]
INFO: Run Behavior\CheckLangBehavior [ RunTime:0.001000s ]
INFO: Run Common\Behavior\UrldecodeGetBehavior [ RunTime:0.000000s ]
INFO: [ app_begin ] --END-- [ RunTime:0.002000s ]
INFO: [ admin_begin ] --START--
INFO: Run Common\Behavior\AdminDefaultLangBehavior [ RunTime:0.001000s ]
INFO: [ admin_begin ] --END-- [ RunTime:0.001000s ]
SQL: SHOW COLUMNS FROM `hos_users` [ RunTime:0.0000s ]
SQL: SELECT * FROM `hos_users` WHERE `id` = '1' LIMIT 1   [ RunTime:0.0000s ]
NOTIC: D方法实例化没找到模型类Common\Model\BigDepartmentModel
SQL: SHOW COLUMNS FROM `hos_big_department` [ RunTime:0.0000s ]
NOTIC: D方法实例化没找到模型类Common\Model\DiseaseModel
SQL: SHOW COLUMNS FROM `hos_disease` [ RunTime:0.0156s ]
SQL: SELECT `bdept_name` FROM `hos_big_department` WHERE `bdept_id` = 18 LIMIT 1   [ RunTime:0.0000s ]
SQL: SELECT COUNT(*) AS tp_count FROM `hos_disease` WHERE `disease_name` = '免疫科' LIMIT 1   [ RunTime:0.0000s ]
NOTIC: [8] Undefined index: validate G:\phpstudy\appoint\src\simplewind\Core\Library\Think\Model.class.php 第 1185 行.
NOTIC: [8] Undefined index: auto G:\phpstudy\appoint\src\simplewind\Core\Library\Think\Model.class.php 第 1128 行.
SQL: INSERT INTO `hos_disease` (`disease_name`,`bdept_id`,`disease_contactor`,`disease_mobile`,`bdept_name`) VALUES ('免疫科','18','内克','15110351113','内科') [ RunTime:0.0000s ]

[ 2017-03-31T09:59:50+08:00 ] ::1 /appoint/src/index.php?g=Admin&m=Disease&a=add
NOTIC: D方法实例化没找到模型类Common\Model\BigDepartmentModel
NOTIC: D方法实例化没找到模型类Common\Model\DiseaseModel

[ 2017-03-31T10:00:04+08:00 ] ::1 /appoint/src/index.php?g=Admin&m=Disease&a=index
NOTIC: D方法实例化没找到模型类Common\Model\BigDepartmentModel
NOTIC: D方法实例化没找到模型类Common\Model\DiseaseModel

[ 2017-03-31T10:00:52+08:00 ] ::1 /appoint/src/index.php?g=Admin&m=Disease&a=index
NOTIC: D方法实例化没找到模型类Common\Model\BigDepartmentModel
NOTIC: D方法实例化没找到模型类Common\Model\DiseaseModel

[ 2017-03-31T10:01:10+08:00 ] ::1 /appoint/src/index.php?g=Admin&m=Disease&a=add
NOTIC: D方法实例化没找到模型类Common\Model\BigDepartmentModel
NOTIC: D方法实例化没找到模型类Common\Model\DiseaseModel

[ 2017-03-31T10:01:40+08:00 ] ::1 /appoint/src/index.php?g=Admin&m=Disease&a=add_post
INFO: [ app_begin ] --START--
INFO: Run Behavior\ReadHtmlCacheBehavior [ RunTime:0.001000s ]
INFO: Run Behavior\CheckLangBehavior [ RunTime:0.002000s ]
INFO: Run Common\Behavior\UrldecodeGetBehavior [ RunTime:0.002000s ]
INFO: [ app_begin ] --END-- [ RunTime:0.006000s ]
INFO: [ admin_begin ] --START--
INFO: Run Common\Behavior\AdminDefaultLangBehavior [ RunTime:0.002000s ]
INFO: [ admin_begin ] --END-- [ RunTime:0.002000s ]
SQL: SHOW COLUMNS FROM `hos_users` [ RunTime:0.0000s ]
SQL: SELECT * FROM `hos_users` WHERE `id` = '1' LIMIT 1   [ RunTime:0.0000s ]
NOTIC: D方法实例化没找到模型类Common\Model\BigDepartmentModel
SQL: SHOW COLUMNS FROM `hos_big_department` [ RunTime:0.0000s ]
NOTIC: D方法实例化没找到模型类Common\Model\DiseaseModel
SQL: SHOW COLUMNS FROM `hos_disease` [ RunTime:0.0156s ]
SQL: SELECT `bdept_name` FROM `hos_big_department` WHERE `bdept_id` = 18 LIMIT 1   [ RunTime:0.0000s ]
SQL: SELECT COUNT(*) AS tp_count FROM `hos_disease` WHERE `disease_name` = '呼吸科' LIMIT 1   [ RunTime:0.0000s ]
NOTIC: [8] Undefined index: validate G:\phpstudy\appoint\src\simplewind\Core\Library\Think\Model.class.php 第 1185 行.
NOTIC: [8] Undefined index: auto G:\phpstudy\appoint\src\simplewind\Core\Library\Think\Model.class.php 第 1128 行.
SQL: INSERT INTO `hos_disease` (`disease_name`,`bdept_id`,`disease_contactor`,`disease_mobile`,`bdept_name`) VALUES ('呼吸科','18','胡胡','15110351113','内科') [ RunTime:0.0000s ]

[ 2017-03-31T10:01:41+08:00 ] ::1 /appoint/src/index.php?g=Admin&m=Disease&a=add
NOTIC: D方法实例化没找到模型类Common\Model\BigDepartmentModel
NOTIC: D方法实例化没找到模型类Common\Model\DiseaseModel

[ 2017-03-31T10:02:07+08:00 ] ::1 /appoint/src/index.php?g=Admin&m=Disease&a=add_post
INFO: [ app_begin ] --START--
INFO: Run Behavior\ReadHtmlCacheBehavior [ RunTime:0.000000s ]
INFO: Run Behavior\CheckLangBehavior [ RunTime:0.001000s ]
INFO: Run Common\Behavior\UrldecodeGetBehavior [ RunTime:0.001000s ]
INFO: [ app_begin ] --END-- [ RunTime:0.003000s ]
INFO: [ admin_begin ] --START--
INFO: Run Common\Behavior\AdminDefaultLangBehavior [ RunTime:0.001001s ]
INFO: [ admin_begin ] --END-- [ RunTime:0.001001s ]
SQL: SHOW COLUMNS FROM `hos_users` [ RunTime:0.0000s ]
SQL: SELECT * FROM `hos_users` WHERE `id` = '1' LIMIT 1   [ RunTime:0.0000s ]
NOTIC: D方法实例化没找到模型类Common\Model\BigDepartmentModel
SQL: SHOW COLUMNS FROM `hos_big_department` [ RunTime:0.0000s ]
NOTIC: D方法实例化没找到模型类Common\Model\DiseaseModel
SQL: SHOW COLUMNS FROM `hos_disease` [ RunTime:0.0156s ]
SQL: SELECT `bdept_name` FROM `hos_big_department` WHERE `bdept_id` = 18 LIMIT 1   [ RunTime:0.0000s ]
SQL: SELECT COUNT(*) AS tp_count FROM `hos_disease` WHERE `disease_name` = '肾病内科' LIMIT 1   [ RunTime:0.0000s ]
NOTIC: [8] Undefined index: validate G:\phpstudy\appoint\src\simplewind\Core\Library\Think\Model.class.php 第 1185 行.
NOTIC: [8] Undefined index: auto G:\phpstudy\appoint\src\simplewind\Core\Library\Think\Model.class.php 第 1128 行.
SQL: INSERT INTO `hos_disease` (`disease_name`,`bdept_id`,`disease_contactor`,`disease_mobile`,`bdept_name`) VALUES ('肾病内科','18','莘莘','15110351114','内科') [ RunTime:0.0000s ]

[ 2017-03-31T10:02:08+08:00 ] ::1 /appoint/src/index.php?g=Admin&m=Disease&a=add
NOTIC: D方法实例化没找到模型类Common\Model\BigDepartmentModel
NOTIC: D方法实例化没找到模型类Common\Model\DiseaseModel

[ 2017-03-31T10:02:58+08:00 ] ::1 /appoint/src/index.php?g=Admin&m=Disease&a=add_post
INFO: [ app_begin ] --START--
INFO: Run Behavior\ReadHtmlCacheBehavior [ RunTime:0.001000s ]
INFO: Run Behavior\CheckLangBehavior [ RunTime:0.001000s ]
INFO: Run Common\Behavior\UrldecodeGetBehavior [ RunTime:0.001000s ]
INFO: [ app_begin ] --END-- [ RunTime:0.003000s ]
INFO: [ admin_begin ] --START--
INFO: Run Common\Behavior\AdminDefaultLangBehavior [ RunTime:0.002000s ]
INFO: [ admin_begin ] --END-- [ RunTime:0.003000s ]
SQL: SHOW COLUMNS FROM `hos_users` [ RunTime:0.0120s ]
SQL: SELECT * FROM `hos_users` WHERE `id` = '1' LIMIT 1   [ RunTime:0.0010s ]
NOTIC: D方法实例化没找到模型类Common\Model\BigDepartmentModel
SQL: SHOW COLUMNS FROM `hos_big_department` [ RunTime:0.0120s ]
NOTIC: D方法实例化没找到模型类Common\Model\DiseaseModel
SQL: SHOW COLUMNS FROM `hos_disease` [ RunTime:0.0120s ]
SQL: SELECT `bdept_name` FROM `hos_big_department` WHERE `bdept_id` = 18 LIMIT 1   [ RunTime:0.0000s ]
SQL: SELECT COUNT(*) AS tp_count FROM `hos_disease` WHERE `disease_name` = '血液科' LIMIT 1   [ RunTime:0.0000s ]
NOTIC: [8] Undefined index: validate G:\phpstudy\appoint\src\simplewind\Core\Library\Think\Model.class.php 第 1185 行.
NOTIC: [8] Undefined index: auto G:\phpstudy\appoint\src\simplewind\Core\Library\Think\Model.class.php 第 1128 行.
SQL: INSERT INTO `hos_disease` (`disease_name`,`bdept_id`,`disease_contactor`,`disease_mobile`,`bdept_name`) VALUES ('血液科','18','雪雪','15110351115','内科') [ RunTime:0.0010s ]

[ 2017-03-31T10:02:59+08:00 ] ::1 /appoint/src/index.php?g=Admin&m=Disease&a=add
NOTIC: D方法实例化没找到模型类Common\Model\BigDepartmentModel
NOTIC: D方法实例化没找到模型类Common\Model\DiseaseModel

[ 2017-03-31T10:03:05+08:00 ] ::1 /appoint/src/index.php?g=Admin&m=Disease&a=index
NOTIC: D方法实例化没找到模型类Common\Model\BigDepartmentModel
NOTIC: D方法实例化没找到模型类Common\Model\DiseaseModel

[ 2017-03-31T10:03:09+08:00 ] ::1 /appoint/src/index.php?g=Admin&m=Disease&a=index&p=2
NOTIC: D方法实例化没找到模型类Common\Model\BigDepartmentModel
NOTIC: D方法实例化没找到模型类Common\Model\DiseaseModel

[ 2017-03-31T10:03:12+08:00 ] ::1 /appoint/src/index.php?g=Admin&m=Disease&a=index&p=1
NOTIC: D方法实例化没找到模型类Common\Model\BigDepartmentModel
NOTIC: D方法实例化没找到模型类Common\Model\DiseaseModel

[ 2017-03-31T10:03:40+08:00 ] ::1 /appoint/src/index.php?g=Admin&m=Disease&a=edit&disease_id=8
NOTIC: D方法实例化没找到模型类Common\Model\BigDepartmentModel
NOTIC: D方法实例化没找到模型类Common\Model\DiseaseModel

[ 2017-03-31T10:04:06+08:00 ] ::1 /appoint/src/index.php?g=Admin&m=Disease&a=edit_post
INFO: [ app_begin ] --START--
INFO: Run Behavior\ReadHtmlCacheBehavior [ RunTime:0.000000s ]
INFO: Run Behavior\CheckLangBehavior [ RunTime:0.003000s ]
INFO: Run Common\Behavior\UrldecodeGetBehavior [ RunTime:0.000000s ]
INFO: [ app_begin ] --END-- [ RunTime:0.004000s ]
INFO: [ admin_begin ] --START--
INFO: Run Common\Behavior\AdminDefaultLangBehavior [ RunTime:0.001000s ]
INFO: [ admin_begin ] --END-- [ RunTime:0.001000s ]
SQL: SHOW COLUMNS FROM `hos_users` [ RunTime:0.0120s ]
SQL: SELECT * FROM `hos_users` WHERE `id` = '1' LIMIT 1   [ RunTime:0.0010s ]
NOTIC: D方法实例化没找到模型类Common\Model\BigDepartmentModel
SQL: SHOW COLUMNS FROM `hos_big_department` [ RunTime:0.0120s ]
NOTIC: D方法实例化没找到模型类Common\Model\DiseaseModel
SQL: SHOW COLUMNS FROM `hos_disease` [ RunTime:0.0070s ]
SQL: SELECT `bdept_name` FROM `hos_big_department` WHERE `bdept_id` = 2 LIMIT 1   [ RunTime:0.0000s ]
SQL: SELECT COUNT(*) AS tp_count FROM `hos_disease` WHERE `disease_name` = '精神外科' AND `disease_id` <> '8' LIMIT 1   [ RunTime:0.0000s ]
NOTIC: [8] Undefined index: validate G:\phpstudy\appoint\src\simplewind\Core\Library\Think\Model.class.php 第 1185 行.
NOTIC: [8] Undefined index: auto G:\phpstudy\appoint\src\simplewind\Core\Library\Think\Model.class.php 第 1128 行.
SQL: UPDATE `hos_disease` SET `disease_name`='精神外科',`bdept_id`='2',`disease_contactor`='二维',`disease_mobile`='14334323222',`bdept_name`='外科' WHERE `disease_id` = 8 [ RunTime:0.0000s ]

[ 2017-03-31T10:04:07+08:00 ] ::1 /appoint/src/index.php?g=Admin&m=Disease&a=index
NOTIC: D方法实例化没找到模型类Common\Model\BigDepartmentModel
NOTIC: D方法实例化没找到模型类Common\Model\DiseaseModel

[ 2017-03-31T10:04:13+08:00 ] ::1 /appoint/src/index.php?g=Admin&m=Disease&a=edit&disease_id=5
NOTIC: D方法实例化没找到模型类Common\Model\BigDepartmentModel
NOTIC: D方法实例化没找到模型类Common\Model\DiseaseModel

[ 2017-03-31T10:04:44+08:00 ] ::1 /appoint/src/index.php?g=Admin&m=Disease&a=edit_post
INFO: [ app_begin ] --START--
INFO: Run Behavior\ReadHtmlCacheBehavior [ RunTime:0.000000s ]
INFO: Run Behavior\CheckLangBehavior [ RunTime:0.001000s ]
INFO: Run Common\Behavior\UrldecodeGetBehavior [ RunTime:0.001000s ]
INFO: [ app_begin ] --END-- [ RunTime:0.003000s ]
INFO: [ admin_begin ] --START--
INFO: Run Common\Behavior\AdminDefaultLangBehavior [ RunTime:0.001001s ]
INFO: [ admin_begin ] --END-- [ RunTime:0.001001s ]
SQL: SHOW COLUMNS FROM `hos_users` [ RunTime:0.0140s ]
SQL: SELECT * FROM `hos_users` WHERE `id` = '1' LIMIT 1   [ RunTime:0.0010s ]
NOTIC: D方法实例化没找到模型类Common\Model\BigDepartmentModel
SQL: SHOW COLUMNS FROM `hos_big_department` [ RunTime:0.0060s ]
NOTIC: D方法实例化没找到模型类Common\Model\DiseaseModel
SQL: SHOW COLUMNS FROM `hos_disease` [ RunTime:0.0060s ]
SQL: SELECT `bdept_name` FROM `hos_big_department` WHERE `bdept_id` = 2 LIMIT 1   [ RunTime:0.0000s ]
SQL: SELECT COUNT(*) AS tp_count FROM `hos_disease` WHERE `disease_name` = '功能神经外科' AND `disease_id` <> '5' LIMIT 1   [ RunTime:0.0000s ]
NOTIC: [8] Undefined index: validate G:\phpstudy\appoint\src\simplewind\Core\Library\Think\Model.class.php 第 1185 行.
NOTIC: [8] Undefined index: auto G:\phpstudy\appoint\src\simplewind\Core\Library\Think\Model.class.php 第 1128 行.
SQL: UPDATE `hos_disease` SET `disease_name`='功能神经外科',`bdept_id`='2',`disease_contactor`='龚龚',`disease_mobile`='13233333333',`bdept_name`='外科' WHERE `disease_id` = 5 [ RunTime:0.0010s ]

[ 2017-03-31T10:04:45+08:00 ] ::1 /appoint/src/index.php?g=Admin&m=Disease&a=index
NOTIC: D方法实例化没找到模型类Common\Model\BigDepartmentModel
NOTIC: D方法实例化没找到模型类Common\Model\DiseaseModel

[ 2017-03-31T10:04:54+08:00 ] ::1 /appoint/src/index.php?g=Admin&m=Disease&a=edit&disease_id=6
NOTIC: D方法实例化没找到模型类Common\Model\BigDepartmentModel
NOTIC: D方法实例化没找到模型类Common\Model\DiseaseModel

[ 2017-03-31T10:05:11+08:00 ] ::1 /appoint/src/index.php?g=Admin&m=Disease&a=edit_post
INFO: [ app_begin ] --START--
INFO: Run Behavior\ReadHtmlCacheBehavior [ RunTime:0.001000s ]
INFO: Run Behavior\CheckLangBehavior [ RunTime:0.001000s ]
INFO: Run Common\Behavior\UrldecodeGetBehavior [ RunTime:0.000000s ]
INFO: [ app_begin ] --END-- [ RunTime:0.003000s ]
INFO: [ admin_begin ] --START--
INFO: Run Common\Behavior\AdminDefaultLangBehavior [ RunTime:0.002000s ]
INFO: [ admin_begin ] --END-- [ RunTime:0.002000s ]
SQL: SHOW COLUMNS FROM `hos_users` [ RunTime:0.0120s ]
SQL: SELECT * FROM `hos_users` WHERE `id` = '1' LIMIT 1   [ RunTime:0.0010s ]
NOTIC: D方法实例化没找到模型类Common\Model\BigDepartmentModel
SQL: SHOW COLUMNS FROM `hos_big_department` [ RunTime:0.0110s ]
NOTIC: D方法实例化没找到模型类Common\Model\DiseaseModel
SQL: SHOW COLUMNS FROM `hos_disease` [ RunTime:0.0060s ]
SQL: SELECT `bdept_name` FROM `hos_big_department` WHERE `bdept_id` = 2 LIMIT 1   [ RunTime:0.0010s ]
SQL: SELECT COUNT(*) AS tp_count FROM `hos_disease` WHERE `disease_name` = '心血管外科' AND `disease_id` <> '6' LIMIT 1   [ RunTime:0.0000s ]
NOTIC: [8] Undefined index: validate G:\phpstudy\appoint\src\simplewind\Core\Library\Think\Model.class.php 第 1185 行.
NOTIC: [8] Undefined index: auto G:\phpstudy\appoint\src\simplewind\Core\Library\Think\Model.class.php 第 1128 行.
SQL: UPDATE `hos_disease` SET `disease_name`='心血管外科',`bdept_id`='2',`disease_contactor`='欣欣',`disease_mobile`='13222222222',`bdept_name`='外科' WHERE `disease_id` = 6 [ RunTime:0.0000s ]

[ 2017-03-31T10:05:12+08:00 ] ::1 /appoint/src/index.php?g=Admin&m=Disease&a=index
NOTIC: D方法实例化没找到模型类Common\Model\BigDepartmentModel
NOTIC: D方法实例化没找到模型类Common\Model\DiseaseModel

[ 2017-03-31T10:07:46+08:00 ] ::1 /appoint/src/index.php?g=Admin&m=BigDept&a=index
NOTIC: D方法实例化没找到模型类Common\Model\BigDepartmentModel

[ 2017-03-31T10:07:51+08:00 ] ::1 /appoint/src/index.php?g=Admin&m=BigDept&a=add
NOTIC: D方法实例化没找到模型类Common\Model\BigDepartmentModel

[ 2017-03-31T10:08:26+08:00 ] ::1 /appoint/src/index.php?g=Admin&m=BigDept&a=add_post
INFO: [ app_begin ] --START--
INFO: Run Behavior\ReadHtmlCacheBehavior [ RunTime:0.000000s ]
INFO: Run Behavior\CheckLangBehavior [ RunTime:0.002000s ]
INFO: Run Common\Behavior\UrldecodeGetBehavior [ RunTime:0.001000s ]
INFO: [ app_begin ] --END-- [ RunTime:0.005000s ]
INFO: [ admin_begin ] --START--
INFO: Run Common\Behavior\AdminDefaultLangBehavior [ RunTime:0.002000s ]
INFO: [ admin_begin ] --END-- [ RunTime:0.002000s ]
SQL: SHOW COLUMNS FROM `hos_users` [ RunTime:0.0000s ]
SQL: SELECT * FROM `hos_users` WHERE `id` = '1' LIMIT 1   [ RunTime:0.0156s ]
NOTIC: D方法实例化没找到模型类Common\Model\BigDepartmentModel
SQL: SHOW COLUMNS FROM `hos_big_department` [ RunTime:0.0000s ]
SQL: SELECT COUNT(*) AS tp_count FROM `hos_big_department` WHERE `bdept_name` = '其他科室' OR `bdept_number` = 'QT' LIMIT 1   [ RunTime:0.0000s ]
NOTIC: [8] Undefined index: validate G:\phpstudy\appoint\src\simplewind\Core\Library\Think\Model.class.php 第 1185 行.
NOTIC: [8] Undefined index: auto G:\phpstudy\appoint\src\simplewind\Core\Library\Think\Model.class.php 第 1128 行.
SQL: INSERT INTO `hos_big_department` (`bdept_name`,`bdept_number`,`bdept_contactor`,`bdept_mobile`) VALUES ('其他科室','QT','琪琪','15110352222') [ RunTime:0.0156s ]

[ 2017-03-31T10:08:27+08:00 ] ::1 /appoint/src/index.php?g=Admin&m=BigDept&a=add
NOTIC: D方法实例化没找到模型类Common\Model\BigDepartmentModel

[ 2017-03-31T10:08:30+08:00 ] ::1 /appoint/src/index.php?g=Admin&m=BigDept&a=index
NOTIC: D方法实例化没找到模型类Common\Model\BigDepartmentModel

[ 2017-03-31T10:08:36+08:00 ] ::1 /appoint/src/index.php?g=Admin&m=BigDept&a=index&p=2
NOTIC: D方法实例化没找到模型类Common\Model\BigDepartmentModel

[ 2017-03-31T10:08:39+08:00 ] ::1 /appoint/src/index.php?g=Admin&m=BigDept&a=index&p=3
NOTIC: D方法实例化没找到模型类Common\Model\BigDepartmentModel

[ 2017-03-31T10:08:56+08:00 ] ::1 /appoint/src/index.php?g=Admin&m=BigDept&a=index&p=2
NOTIC: D方法实例化没找到模型类Common\Model\BigDepartmentModel

[ 2017-03-31T10:09:02+08:00 ] ::1 /appoint/src/index.php?g=Admin&m=BigDept&a=edit&bdept_id=12
NOTIC: D方法实例化没找到模型类Common\Model\BigDepartmentModel

[ 2017-03-31T10:09:22+08:00 ] ::1 /appoint/src/index.php?g=Admin&m=BigDept&a=edit_post
INFO: [ app_begin ] --START--
INFO: Run Behavior\ReadHtmlCacheBehavior [ RunTime:0.000000s ]
INFO: Run Behavior\CheckLangBehavior [ RunTime:0.001000s ]
INFO: Run Common\Behavior\UrldecodeGetBehavior [ RunTime:0.001000s ]
INFO: [ app_begin ] --END-- [ RunTime:0.003000s ]
INFO: [ admin_begin ] --START--
INFO: Run Common\Behavior\AdminDefaultLangBehavior [ RunTime:0.002000s ]
INFO: [ admin_begin ] --END-- [ RunTime:0.002000s ]
SQL: SHOW COLUMNS FROM `hos_users` [ RunTime:0.0156s ]
SQL: SELECT * FROM `hos_users` WHERE `id` = '1' LIMIT 1   [ RunTime:0.0000s ]
NOTIC: D方法实例化没找到模型类Common\Model\BigDepartmentModel
SQL: SHOW COLUMNS FROM `hos_big_department` [ RunTime:0.0156s ]
SQL: SELECT COUNT(*) AS tp_count FROM `hos_big_department` WHERE `bdept_name` = '中医科' AND `bdept_id` <> '12' LIMIT 1   [ RunTime:0.0000s ]
NOTIC: [8] Undefined index: validate G:\phpstudy\appoint\src\simplewind\Core\Library\Think\Model.class.php 第 1185 行.
NOTIC: [8] Undefined index: auto G:\phpstudy\appoint\src\simplewind\Core\Library\Think\Model.class.php 第 1128 行.
SQL: UPDATE `hos_big_department` SET `bdept_name`='中医科',`bdept_contactor`='中忠',`bdept_mobile`='15110353333' WHERE `bdept_id` = 12 [ RunTime:0.0000s ]

[ 2017-03-31T10:09:23+08:00 ] ::1 /appoint/src/index.php?g=Admin&m=BigDept&a=index
NOTIC: D方法实例化没找到模型类Common\Model\BigDepartmentModel

[ 2017-03-31T10:09:35+08:00 ] ::1 /appoint/src/index.php?g=Admin&m=BigDept&a=index&p=2
NOTIC: D方法实例化没找到模型类Common\Model\BigDepartmentModel

[ 2017-03-31T10:09:40+08:00 ] ::1 /appoint/src/index.php?g=Admin&m=BigDept&a=index&p=1
NOTIC: D方法实例化没找到模型类Common\Model\BigDepartmentModel

