[ 2017-03-31T09:33:55+08:00 ] ::1 /appoint/src/index.php?g=&m=indexadmin&a=cancelban&id=2
INFO: [ app_begin ] --START--
INFO: Run Behavior\ReadHtmlCacheBehavior [ RunTime:0.001000s ]
INFO: Run Behavior\CheckLangBehavior [ RunTime:0.001000s ]
INFO: Run Common\Behavior\UrldecodeGetBehavior [ RunTime:0.000000s ]
INFO: [ app_begin ] --END-- [ RunTime:0.002000s ]
INFO: [ admin_begin ] --START--
INFO: Run Common\Behavior\AdminDefaultLangBehavior [ RunTime:0.001000s ]
INFO: [ admin_begin ] --END-- [ RunTime:0.001000s ]
SQL: SHOW COLUMNS FROM `hos_users` [ RunTime:0.0060s ]
SQL: SELECT * FROM `hos_users` WHERE `id` = '1' LIMIT 1   [ RunTime:0.0000s ]
SQL: UPDATE `hos_users` SET `user_status`='1' WHERE `id` = 2 AND `user_type` = 2 [ RunTime:0.0000s ]

[ 2017-03-31T09:34:01+08:00 ] ::1 /appoint/src/index.php?g=&m=indexadmin&a=ban&id=2
INFO: [ app_begin ] --START--
INFO: Run Behavior\ReadHtmlCacheBehavior [ RunTime:0.001000s ]
INFO: Run Behavior\CheckLangBehavior [ RunTime:0.001000s ]
INFO: Run Common\Behavior\UrldecodeGetBehavior [ RunTime:0.000000s ]
INFO: [ app_begin ] --END-- [ RunTime:0.002000s ]
INFO: [ admin_begin ] --START--
INFO: Run Common\Behavior\AdminDefaultLangBehavior [ RunTime:0.001000s ]
INFO: [ admin_begin ] --END-- [ RunTime:0.001000s ]
SQL: SHOW COLUMNS FROM `hos_users` [ RunTime:0.0120s ]
SQL: SELECT * FROM `hos_users` WHERE `id` = '1' LIMIT 1   [ RunTime:0.0010s ]
SQL: UPDATE `hos_users` SET `user_status`='0' WHERE `id` = 2 AND `user_type` = 2 [ RunTime:0.0010s ]

[ 2017-03-31T09:34:16+08:00 ] ::1 /appoint/src/index.php?g=&m=indexadmin&a=cancelban&id=2
INFO: [ app_begin ] --START--
INFO: Run Behavior\ReadHtmlCacheBehavior [ RunTime:0.000000s ]
INFO: Run Behavior\CheckLangBehavior [ RunTime:0.002000s ]
INFO: Run Common\Behavior\UrldecodeGetBehavior [ RunTime:0.000000s ]
INFO: [ app_begin ] --END-- [ RunTime:0.003000s ]
INFO: [ admin_begin ] --START--
INFO: Run Common\Behavior\AdminDefaultLangBehavior [ RunTime:0.002001s ]
INFO: [ admin_begin ] --END-- [ RunTime:0.002001s ]
SQL: SHOW COLUMNS FROM `hos_users` [ RunTime:0.0150s ]
SQL: SELECT * FROM `hos_users` WHERE `id` = '1' LIMIT 1   [ RunTime:0.0010s ]
SQL: UPDATE `hos_users` SET `user_status`='1' WHERE `id` = 2 AND `user_type` = 2 [ RunTime:0.0010s ]

